[debug] [2025-05-11T00:46:34.125Z] ----------------------------------------------------------------------
[debug] [2025-05-11T00:46:34.127Z] Command:       /Users/macbookm3pro/.nvm/versions/node/v20.19.0/bin/node /Users/macbookm3pro/.nvm/versions/node/v20.19.0/bin/firebase deploy --only functions:generateOrderPdf
[debug] [2025-05-11T00:46:34.127Z] CLI Version:   14.2.1
[debug] [2025-05-11T00:46:34.127Z] Platform:      darwin
[debug] [2025-05-11T00:46:34.127Z] Node Version:  v20.19.0
[debug] [2025-05-11T00:46:34.127Z] Time:          Sun May 11 2025 02:46:34 GMT+0200 (Central European Summer Time)
[debug] [2025-05-11T00:46:34.127Z] ----------------------------------------------------------------------
[debug] 
[debug] [2025-05-11T00:46:34.204Z] > command requires scopes: ["email","openid","https://www.googleapis.com/auth/cloudplatformprojects.readonly","https://www.googleapis.com/auth/firebase","https://www.googleapis.com/auth/cloud-platform"]
[debug] [2025-05-11T00:46:34.204Z] > authorizing via signed-in user (webpostup@gmail.com)
[debug] [2025-05-11T00:46:34.204Z] [iam] checking project core-app-423c7 for permissions ["cloudfunctions.functions.create","cloudfunctions.functions.delete","cloudfunctions.functions.get","cloudfunctions.functions.list","cloudfunctions.functions.update","cloudfunctions.operations.get","firebase.projects.get"]
[debug] [2025-05-11T00:46:34.205Z] Checked if tokens are valid: true, expires at: 1746925694994
[debug] [2025-05-11T00:46:34.205Z] Checked if tokens are valid: true, expires at: 1746925694994
[debug] [2025-05-11T00:46:34.205Z] >>> [apiv2][query] POST https://cloudresourcemanager.googleapis.com/v1/projects/core-app-423c7:testIamPermissions [none]
[debug] [2025-05-11T00:46:34.205Z] >>> [apiv2][(partial)header] POST https://cloudresourcemanager.googleapis.com/v1/projects/core-app-423c7:testIamPermissions x-goog-quota-user=projects/core-app-423c7
[debug] [2025-05-11T00:46:34.205Z] >>> [apiv2][body] POST https://cloudresourcemanager.googleapis.com/v1/projects/core-app-423c7:testIamPermissions {"permissions":["cloudfunctions.functions.create","cloudfunctions.functions.delete","cloudfunctions.functions.get","cloudfunctions.functions.list","cloudfunctions.functions.update","cloudfunctions.operations.get","firebase.projects.get"]}
[debug] [2025-05-11T00:46:35.135Z] <<< [apiv2][status] POST https://cloudresourcemanager.googleapis.com/v1/projects/core-app-423c7:testIamPermissions 200
[debug] [2025-05-11T00:46:35.135Z] <<< [apiv2][body] POST https://cloudresourcemanager.googleapis.com/v1/projects/core-app-423c7:testIamPermissions {"permissions":["cloudfunctions.functions.create","cloudfunctions.functions.delete","cloudfunctions.functions.get","cloudfunctions.functions.list","cloudfunctions.functions.update","cloudfunctions.operations.get","firebase.projects.get"]}
[debug] [2025-05-11T00:46:35.136Z] Checked if tokens are valid: true, expires at: 1746925694994
[debug] [2025-05-11T00:46:35.136Z] Checked if tokens are valid: true, expires at: 1746925694994
[debug] [2025-05-11T00:46:35.136Z] >>> [apiv2][query] POST https://iam.googleapis.com/v1/projects/core-app-423c7/serviceAccounts/core-app-423c7@appspot.gserviceaccount.com:testIamPermissions [none]
[debug] [2025-05-11T00:46:35.136Z] >>> [apiv2][body] POST https://iam.googleapis.com/v1/projects/core-app-423c7/serviceAccounts/core-app-423c7@appspot.gserviceaccount.com:testIamPermissions {"permissions":["iam.serviceAccounts.actAs"]}
[debug] [2025-05-11T00:46:36.027Z] <<< [apiv2][status] POST https://iam.googleapis.com/v1/projects/core-app-423c7/serviceAccounts/core-app-423c7@appspot.gserviceaccount.com:testIamPermissions 200
[debug] [2025-05-11T00:46:36.027Z] <<< [apiv2][body] POST https://iam.googleapis.com/v1/projects/core-app-423c7/serviceAccounts/core-app-423c7@appspot.gserviceaccount.com:testIamPermissions {"permissions":["iam.serviceAccounts.actAs"]}
[info] 
[info] === Deploying to 'core-app-423c7'...
[info] 
[info] i  deploying functions 
[info] Running command: npm --prefix "$RESOURCE_DIR" run build
[info] ✔  functions: Finished running predeploy script. 
[debug] [2025-05-11T00:46:37.148Z] Checked if tokens are valid: true, expires at: 1746925694994
[debug] [2025-05-11T00:46:37.148Z] Checked if tokens are valid: true, expires at: 1746925694994
[debug] [2025-05-11T00:46:37.148Z] >>> [apiv2][query] GET https://cloudresourcemanager.googleapis.com/v1/projects/core-app-423c7 [none]
[debug] [2025-05-11T00:46:37.397Z] <<< [apiv2][status] GET https://cloudresourcemanager.googleapis.com/v1/projects/core-app-423c7 200
[debug] [2025-05-11T00:46:37.397Z] <<< [apiv2][body] GET https://cloudresourcemanager.googleapis.com/v1/projects/core-app-423c7 {"projectNumber":"869167769685","projectId":"core-app-423c7","lifecycleState":"ACTIVE","name":"core-app","labels":{"firebase":"enabled","firebase-core":"disabled"},"createTime":"2025-03-23T09:54:58.346881Z"}
[info] i  functions: preparing codebase default for deployment 
[info] i  functions: ensuring required API cloudfunctions.googleapis.com is enabled... 
[debug] [2025-05-11T00:46:37.398Z] Checked if tokens are valid: true, expires at: 1746925694994
[debug] [2025-05-11T00:46:37.398Z] Checked if tokens are valid: true, expires at: 1746925694994
[debug] [2025-05-11T00:46:37.398Z] Checked if tokens are valid: true, expires at: 1746925694994
[debug] [2025-05-11T00:46:37.398Z] Checked if tokens are valid: true, expires at: 1746925694994
[info] i  functions: ensuring required API cloudbuild.googleapis.com is enabled... 
[debug] [2025-05-11T00:46:37.399Z] Checked if tokens are valid: true, expires at: 1746925694994
[debug] [2025-05-11T00:46:37.399Z] Checked if tokens are valid: true, expires at: 1746925694994
[info] i  artifactregistry: ensuring required API artifactregistry.googleapis.com is enabled... 
[debug] [2025-05-11T00:46:37.399Z] Checked if tokens are valid: true, expires at: 1746925694994
[debug] [2025-05-11T00:46:37.399Z] Checked if tokens are valid: true, expires at: 1746925694994
[debug] [2025-05-11T00:46:37.399Z] >>> [apiv2][query] GET https://serviceusage.googleapis.com/v1/projects/core-app-423c7/services/cloudfunctions.googleapis.com [none]
[debug] [2025-05-11T00:46:37.399Z] >>> [apiv2][(partial)header] GET https://serviceusage.googleapis.com/v1/projects/core-app-423c7/services/cloudfunctions.googleapis.com x-goog-quota-user=projects/core-app-423c7
[debug] [2025-05-11T00:46:37.400Z] >>> [apiv2][query] GET https://serviceusage.googleapis.com/v1/projects/core-app-423c7/services/runtimeconfig.googleapis.com [none]
[debug] [2025-05-11T00:46:37.400Z] >>> [apiv2][(partial)header] GET https://serviceusage.googleapis.com/v1/projects/core-app-423c7/services/runtimeconfig.googleapis.com x-goog-quota-user=projects/core-app-423c7
[debug] [2025-05-11T00:46:37.401Z] >>> [apiv2][query] GET https://serviceusage.googleapis.com/v1/projects/core-app-423c7/services/cloudbuild.googleapis.com [none]
[debug] [2025-05-11T00:46:37.401Z] >>> [apiv2][(partial)header] GET https://serviceusage.googleapis.com/v1/projects/core-app-423c7/services/cloudbuild.googleapis.com x-goog-quota-user=projects/core-app-423c7
[debug] [2025-05-11T00:46:37.401Z] >>> [apiv2][query] GET https://serviceusage.googleapis.com/v1/projects/core-app-423c7/services/artifactregistry.googleapis.com [none]
[debug] [2025-05-11T00:46:37.401Z] >>> [apiv2][(partial)header] GET https://serviceusage.googleapis.com/v1/projects/core-app-423c7/services/artifactregistry.googleapis.com x-goog-quota-user=projects/core-app-423c7
[debug] [2025-05-11T00:46:38.411Z] <<< [apiv2][status] GET https://serviceusage.googleapis.com/v1/projects/core-app-423c7/services/artifactregistry.googleapis.com 200
[debug] [2025-05-11T00:46:38.412Z] <<< [apiv2][body] GET https://serviceusage.googleapis.com/v1/projects/core-app-423c7/services/artifactregistry.googleapis.com [omitted]
[info] ✔  artifactregistry: required API artifactregistry.googleapis.com is enabled 
[debug] [2025-05-11T00:46:38.419Z] <<< [apiv2][status] GET https://serviceusage.googleapis.com/v1/projects/core-app-423c7/services/runtimeconfig.googleapis.com 200
[debug] [2025-05-11T00:46:38.419Z] <<< [apiv2][body] GET https://serviceusage.googleapis.com/v1/projects/core-app-423c7/services/runtimeconfig.googleapis.com [omitted]
[debug] [2025-05-11T00:46:38.473Z] <<< [apiv2][status] GET https://serviceusage.googleapis.com/v1/projects/core-app-423c7/services/cloudfunctions.googleapis.com 200
[debug] [2025-05-11T00:46:38.473Z] <<< [apiv2][body] GET https://serviceusage.googleapis.com/v1/projects/core-app-423c7/services/cloudfunctions.googleapis.com [omitted]
[info] ✔  functions: required API cloudfunctions.googleapis.com is enabled 
[debug] [2025-05-11T00:46:38.474Z] <<< [apiv2][status] GET https://serviceusage.googleapis.com/v1/projects/core-app-423c7/services/cloudbuild.googleapis.com 200
[debug] [2025-05-11T00:46:38.474Z] <<< [apiv2][body] GET https://serviceusage.googleapis.com/v1/projects/core-app-423c7/services/cloudbuild.googleapis.com [omitted]
[info] ✔  functions: required API cloudbuild.googleapis.com is enabled 
[debug] [2025-05-11T00:46:38.475Z] Checked if tokens are valid: true, expires at: 1746925694994
[debug] [2025-05-11T00:46:38.475Z] Checked if tokens are valid: true, expires at: 1746925694994
[debug] [2025-05-11T00:46:38.475Z] >>> [apiv2][query] GET https://firebase.googleapis.com/v1beta1/projects/core-app-423c7/adminSdkConfig [none]
[debug] [2025-05-11T00:46:39.098Z] <<< [apiv2][status] GET https://firebase.googleapis.com/v1beta1/projects/core-app-423c7/adminSdkConfig 200
[debug] [2025-05-11T00:46:39.099Z] <<< [apiv2][body] GET https://firebase.googleapis.com/v1beta1/projects/core-app-423c7/adminSdkConfig {"projectId":"core-app-423c7","databaseURL":"https://core-app-423c7-default-rtdb.europe-west1.firebasedatabase.app","storageBucket":"core-app-423c7.firebasestorage.app"}
[debug] [2025-05-11T00:46:39.099Z] Checked if tokens are valid: true, expires at: 1746925694994
[debug] [2025-05-11T00:46:39.099Z] Checked if tokens are valid: true, expires at: 1746925694994
[debug] [2025-05-11T00:46:39.099Z] >>> [apiv2][query] GET https://runtimeconfig.googleapis.com/v1beta1/projects/core-app-423c7/configs [none]
[debug] [2025-05-11T00:46:39.475Z] <<< [apiv2][status] GET https://runtimeconfig.googleapis.com/v1beta1/projects/core-app-423c7/configs 200
[debug] [2025-05-11T00:46:39.475Z] <<< [apiv2][body] GET https://runtimeconfig.googleapis.com/v1beta1/projects/core-app-423c7/configs {"configs":[{"name":"projects/core-app-423c7/configs/smtp"},{"name":"projects/core-app-423c7/configs/email"},{"name":"projects/core-app-423c7/configs/google"}]}
[debug] [2025-05-11T00:46:39.476Z] Checked if tokens are valid: true, expires at: 1746925694994
[debug] [2025-05-11T00:46:39.476Z] Checked if tokens are valid: true, expires at: 1746925694994
[debug] [2025-05-11T00:46:39.476Z] Checked if tokens are valid: true, expires at: 1746925694994
[debug] [2025-05-11T00:46:39.476Z] Checked if tokens are valid: true, expires at: 1746925694994
[debug] [2025-05-11T00:46:39.476Z] Checked if tokens are valid: true, expires at: 1746925694994
[debug] [2025-05-11T00:46:39.476Z] Checked if tokens are valid: true, expires at: 1746925694994
[debug] [2025-05-11T00:46:39.476Z] >>> [apiv2][query] GET https://runtimeconfig.googleapis.com/v1beta1/projects/core-app-423c7/configs/smtp/variables [none]
[debug] [2025-05-11T00:46:39.477Z] >>> [apiv2][query] GET https://runtimeconfig.googleapis.com/v1beta1/projects/core-app-423c7/configs/email/variables [none]
[debug] [2025-05-11T00:46:39.479Z] >>> [apiv2][query] GET https://runtimeconfig.googleapis.com/v1beta1/projects/core-app-423c7/configs/google/variables [none]
[debug] [2025-05-11T00:46:39.722Z] <<< [apiv2][status] GET https://runtimeconfig.googleapis.com/v1beta1/projects/core-app-423c7/configs/smtp/variables 200
[debug] [2025-05-11T00:46:39.722Z] <<< [apiv2][body] GET https://runtimeconfig.googleapis.com/v1beta1/projects/core-app-423c7/configs/smtp/variables {"variables":[{"name":"projects/core-app-423c7/configs/smtp/variables/pass","updateTime":"2025-04-02T00:51:01.297739602Z"},{"name":"projects/core-app-423c7/configs/smtp/variables/port","updateTime":"2025-04-02T00:50:59.539013855Z"},{"name":"projects/core-app-423c7/configs/smtp/variables/user","updateTime":"2025-04-02T00:51:00.421763237Z"},{"name":"projects/core-app-423c7/configs/smtp/variables/host","updateTime":"2025-04-02T00:51:02.374627588Z"}]}
[debug] [2025-05-11T00:46:39.722Z] Checked if tokens are valid: true, expires at: 1746925694994
[debug] [2025-05-11T00:46:39.722Z] Checked if tokens are valid: true, expires at: 1746925694994
[debug] [2025-05-11T00:46:39.722Z] Checked if tokens are valid: true, expires at: 1746925694994
[debug] [2025-05-11T00:46:39.722Z] Checked if tokens are valid: true, expires at: 1746925694994
[debug] [2025-05-11T00:46:39.722Z] Checked if tokens are valid: true, expires at: 1746925694994
[debug] [2025-05-11T00:46:39.722Z] Checked if tokens are valid: true, expires at: 1746925694994
[debug] [2025-05-11T00:46:39.722Z] Checked if tokens are valid: true, expires at: 1746925694994
[debug] [2025-05-11T00:46:39.722Z] Checked if tokens are valid: true, expires at: 1746925694994
[debug] [2025-05-11T00:46:39.722Z] >>> [apiv2][query] GET https://runtimeconfig.googleapis.com/v1beta1/projects/core-app-423c7/configs/smtp/variables/pass [none]
[debug] [2025-05-11T00:46:39.723Z] >>> [apiv2][query] GET https://runtimeconfig.googleapis.com/v1beta1/projects/core-app-423c7/configs/smtp/variables/port [none]
[debug] [2025-05-11T00:46:39.725Z] >>> [apiv2][query] GET https://runtimeconfig.googleapis.com/v1beta1/projects/core-app-423c7/configs/smtp/variables/user [none]
[debug] [2025-05-11T00:46:39.726Z] >>> [apiv2][query] GET https://runtimeconfig.googleapis.com/v1beta1/projects/core-app-423c7/configs/smtp/variables/host [none]
[debug] [2025-05-11T00:46:39.849Z] <<< [apiv2][status] GET https://runtimeconfig.googleapis.com/v1beta1/projects/core-app-423c7/configs/email/variables 200
[debug] [2025-05-11T00:46:39.849Z] <<< [apiv2][body] GET https://runtimeconfig.googleapis.com/v1beta1/projects/core-app-423c7/configs/email/variables {"variables":[{"name":"projects/core-app-423c7/configs/email/variables/password","updateTime":"2025-03-23T19:18:53.997899644Z"},{"name":"projects/core-app-423c7/configs/email/variables/user","updateTime":"2025-03-23T19:18:54.014339774Z"}]}
[debug] [2025-05-11T00:46:39.849Z] Checked if tokens are valid: true, expires at: 1746925694994
[debug] [2025-05-11T00:46:39.849Z] Checked if tokens are valid: true, expires at: 1746925694994
[debug] [2025-05-11T00:46:39.849Z] Checked if tokens are valid: true, expires at: 1746925694994
[debug] [2025-05-11T00:46:39.849Z] Checked if tokens are valid: true, expires at: 1746925694994
[debug] [2025-05-11T00:46:39.849Z] >>> [apiv2][query] GET https://runtimeconfig.googleapis.com/v1beta1/projects/core-app-423c7/configs/email/variables/password [none]
[debug] [2025-05-11T00:46:39.849Z] >>> [apiv2][query] GET https://runtimeconfig.googleapis.com/v1beta1/projects/core-app-423c7/configs/email/variables/user [none]
[debug] [2025-05-11T00:46:39.854Z] <<< [apiv2][status] GET https://runtimeconfig.googleapis.com/v1beta1/projects/core-app-423c7/configs/google/variables 200
[debug] [2025-05-11T00:46:39.854Z] <<< [apiv2][body] GET https://runtimeconfig.googleapis.com/v1beta1/projects/core-app-423c7/configs/google/variables {"variables":[{"name":"projects/core-app-423c7/configs/google/variables/maps_api_key","updateTime":"2025-04-11T09:28:18.397654238Z"}]}
[debug] [2025-05-11T00:46:39.854Z] Checked if tokens are valid: true, expires at: 1746925694994
[debug] [2025-05-11T00:46:39.854Z] Checked if tokens are valid: true, expires at: 1746925694994
[debug] [2025-05-11T00:46:39.854Z] >>> [apiv2][query] GET https://runtimeconfig.googleapis.com/v1beta1/projects/core-app-423c7/configs/google/variables/maps_api_key [none]
[debug] [2025-05-11T00:46:39.967Z] <<< [apiv2][status] GET https://runtimeconfig.googleapis.com/v1beta1/projects/core-app-423c7/configs/smtp/variables/pass 200
[debug] [2025-05-11T00:46:39.967Z] <<< [apiv2][body] GET https://runtimeconfig.googleapis.com/v1beta1/projects/core-app-423c7/configs/smtp/variables/pass {"name":"projects/core-app-423c7/configs/smtp/variables/pass","updateTime":"2025-04-02T00:51:01.297739602Z","text":"r.\\{jo$_;OJX8V\\>eKbo\\|!"}
[debug] [2025-05-11T00:46:40.082Z] <<< [apiv2][status] GET https://runtimeconfig.googleapis.com/v1beta1/projects/core-app-423c7/configs/smtp/variables/host 200
[debug] [2025-05-11T00:46:40.083Z] <<< [apiv2][body] GET https://runtimeconfig.googleapis.com/v1beta1/projects/core-app-423c7/configs/smtp/variables/host {"name":"projects/core-app-423c7/configs/smtp/variables/host","updateTime":"2025-04-02T00:51:02.374627588Z","text":"smtp.m1.websupport.sk"}
[debug] [2025-05-11T00:46:40.088Z] <<< [apiv2][status] GET https://runtimeconfig.googleapis.com/v1beta1/projects/core-app-423c7/configs/smtp/variables/user 200
[debug] [2025-05-11T00:46:40.088Z] <<< [apiv2][body] GET https://runtimeconfig.googleapis.com/v1beta1/projects/core-app-423c7/configs/smtp/variables/user {"name":"projects/core-app-423c7/configs/smtp/variables/user","updateTime":"2025-04-02T00:51:00.421763237Z","text":"noreply@aesa.sk"}
[debug] [2025-05-11T00:46:40.091Z] <<< [apiv2][status] GET https://runtimeconfig.googleapis.com/v1beta1/projects/core-app-423c7/configs/google/variables/maps_api_key 200
[debug] [2025-05-11T00:46:40.091Z] <<< [apiv2][body] GET https://runtimeconfig.googleapis.com/v1beta1/projects/core-app-423c7/configs/google/variables/maps_api_key {"name":"projects/core-app-423c7/configs/google/variables/maps_api_key","updateTime":"2025-04-11T09:28:18.397654238Z","text":"CHÝBAJÚCI_KĽÚČ_VLOŽTE_SEM"}
[debug] [2025-05-11T00:46:40.093Z] <<< [apiv2][status] GET https://runtimeconfig.googleapis.com/v1beta1/projects/core-app-423c7/configs/email/variables/password 200
[debug] [2025-05-11T00:46:40.093Z] <<< [apiv2][body] GET https://runtimeconfig.googleapis.com/v1beta1/projects/core-app-423c7/configs/email/variables/password {"name":"projects/core-app-423c7/configs/email/variables/password","updateTime":"2025-03-23T19:18:53.997899644Z","text":"your-app-specific-password"}
[debug] [2025-05-11T00:46:40.111Z] <<< [apiv2][status] GET https://runtimeconfig.googleapis.com/v1beta1/projects/core-app-423c7/configs/smtp/variables/port 200
[debug] [2025-05-11T00:46:40.111Z] <<< [apiv2][body] GET https://runtimeconfig.googleapis.com/v1beta1/projects/core-app-423c7/configs/smtp/variables/port {"name":"projects/core-app-423c7/configs/smtp/variables/port","updateTime":"2025-04-02T00:50:59.539013855Z","text":"465"}
[debug] [2025-05-11T00:46:40.203Z] <<< [apiv2][status] GET https://runtimeconfig.googleapis.com/v1beta1/projects/core-app-423c7/configs/email/variables/user 200
[debug] [2025-05-11T00:46:40.203Z] <<< [apiv2][body] GET https://runtimeconfig.googleapis.com/v1beta1/projects/core-app-423c7/configs/email/variables/user {"name":"projects/core-app-423c7/configs/email/variables/user","updateTime":"2025-03-23T19:18:54.014339774Z","text":"core.transport.app@gmail.com"}
[debug] [2025-05-11T00:46:40.206Z] Validating nodejs source
[debug] [2025-05-11T00:46:40.579Z] > [functions] package.json contents: {
  "name": "functions",
  "scripts": {
    "build": "tsc",
    "build:watch": "tsc --watch",
    "serve": "npm run build && firebase emulators:start --only functions",
    "shell": "npm run build && firebase functions:shell",
    "start": "npm run shell",
    "deploy": "firebase deploy --only functions",
    "logs": "firebase functions:log"
  },
  "engines": {
    "node": "20"
  },
  "main": "lib/index.js",
  "dependencies": {
    "@mui/x-data-grid": "^7.28.3",
    "@mui/x-date-pickers": "^7.28.0",
    "@types/cors": "^2.8.17",
    "axios": "^1.9.0",
    "chrome-aws-lambda": "^10.1.0",
    "cors": "^2.8.5",
    "date-fns": "^4.1.0",
    "firebase-admin": "^11.11.1",
    "firebase-functions": "^6.3.2",
    "node-fetch": "^3.3.2",
    "nodemailer": "^6.9.9",
    "puppeteer-core": "^10.1.0",
    "react-router-dom": "^7.4.0"
  },
  "devDependencies": {
    "@types/node-fetch": "^2.6.12",
    "@types/nodemailer": "^6.4.17",
    "@types/react": "^18.2.0",
    "@types/react-dom": "^18.2.0",
    "typescript": "^4.9.5"
  },
  "private": true
}
[debug] [2025-05-11T00:46:40.579Z] Building nodejs source
[info] i  functions: Loading and analyzing source code for codebase default to determine what to deploy 
[debug] [2025-05-11T00:46:40.582Z] Could not find functions.yaml. Must use http discovery
[debug] [2025-05-11T00:46:40.586Z] Found firebase-functions binary at '/Users/macbookm3pro/Documents/GitHub/Core NEW - kópia/transport-platform-new/functions/node_modules/.bin/firebase-functions'
[info] Serving at port 8188

[debug] [2025-05-11T00:46:40.842Z] Got response from /__/functions.yaml {"endpoints":{"clearDatabase":{"platform":"gcfv1","labels":{},"availableMemoryMb":null,"timeoutSeconds":null,"minInstances":null,"maxInstances":null,"ingressSettings":null,"serviceAccountEmail":null,"vpc":null,"region":["europe-west1"],"callableTrigger":{},"entryPoint":"clearDatabase"},"sendInvitationEmail":{"platform":"gcfv1","labels":{},"availableMemoryMb":null,"timeoutSeconds":null,"minInstances":null,"maxInstances":null,"ingressSettings":null,"serviceAccountEmail":null,"vpc":null,"region":["europe-west1"],"callableTrigger":{},"entryPoint":"sendInvitationEmail"},"checkBusinessCaseReminders":{"platform":"gcfv1","availableMemoryMb":null,"timeoutSeconds":null,"minInstances":null,"maxInstances":null,"ingressSettings":null,"serviceAccountEmail":null,"vpc":null,"region":["europe-west1"],"scheduleTrigger":{"schedule":"every 1 minutes","retryConfig":{"retryCount":null,"maxDoublings":null,"maxRetryDuration":null,"maxBackoffDuration":null,"minBackoffDuration":null},"timeZone":"Europe/Bratislava"},"labels":{},"entryPoint":"checkBusinessCaseReminders"},"checkTransportNotifications":{"platform":"gcfv1","availableMemoryMb":null,"timeoutSeconds":null,"minInstances":null,"maxInstances":null,"ingressSettings":null,"serviceAccountEmail":null,"vpc":null,"region":["europe-west1"],"scheduleTrigger":{"schedule":"every 1 minutes","retryConfig":{"retryCount":null,"maxDoublings":null,"maxRetryDuration":null,"maxBackoffDuration":null,"minBackoffDuration":null},"timeZone":"Europe/Bratislava"},"labels":{},"entryPoint":"checkTransportNotifications"},"logFunctionMetrics":{"platform":"gcfv1","availableMemoryMb":null,"timeoutSeconds":null,"minInstances":null,"maxInstances":null,"ingressSettings":null,"serviceAccountEmail":null,"vpc":null,"region":["europe-west1"],"scheduleTrigger":{"schedule":"every 1 hours","retryConfig":{"retryCount":null,"maxDoublings":null,"maxRetryDuration":null,"maxBackoffDuration":null,"minBackoffDuration":null},"timeZone":"Europe/Bratislava"},"labels":{},"entryPoint":"logFunctionMetrics"},"initializeLastLogin":{"platform":"gcfv1","labels":{},"availableMemoryMb":null,"timeoutSeconds":null,"minInstances":null,"maxInstances":null,"ingressSettings":null,"serviceAccountEmail":null,"vpc":null,"region":["europe-west1"],"callableTrigger":{},"entryPoint":"initializeLastLogin"},"updateLastLogin":{"platform":"gcfv1","labels":{},"availableMemoryMb":null,"timeoutSeconds":null,"minInstances":null,"maxInstances":null,"ingressSettings":null,"serviceAccountEmail":null,"vpc":null,"region":["europe-west1"],"callableTrigger":{},"entryPoint":"updateLastLogin"},"sendTestReminder":{"platform":"gcfv1","labels":{},"availableMemoryMb":null,"timeoutSeconds":null,"minInstances":null,"maxInstances":null,"ingressSettings":null,"serviceAccountEmail":null,"vpc":null,"region":["europe-west1"],"callableTrigger":{},"entryPoint":"sendTestReminder"},"googleMapsProxy":{"platform":"gcfv1","labels":{},"availableMemoryMb":null,"timeoutSeconds":null,"minInstances":null,"maxInstances":null,"ingressSettings":null,"serviceAccountEmail":null,"vpc":null,"region":["europe-west1"],"callableTrigger":{},"entryPoint":"googleMapsProxy"},"createConversation":{"platform":"gcfv1","labels":{},"availableMemoryMb":null,"timeoutSeconds":null,"minInstances":null,"maxInstances":null,"ingressSettings":null,"serviceAccountEmail":null,"vpc":null,"region":["europe-west1"],"callableTrigger":{},"entryPoint":"createConversation"},"sendMessage":{"platform":"gcfv1","labels":{},"availableMemoryMb":null,"timeoutSeconds":null,"minInstances":null,"maxInstances":null,"ingressSettings":null,"serviceAccountEmail":null,"vpc":null,"region":["europe-west1"],"callableTrigger":{},"entryPoint":"sendMessage"},"markMessagesAsRead":{"platform":"gcfv1","labels":{},"availableMemoryMb":null,"timeoutSeconds":null,"minInstances":null,"maxInstances":null,"ingressSettings":null,"serviceAccountEmail":null,"vpc":null,"region":["europe-west1"],"callableTrigger":{},"entryPoint":"markMessagesAsRead"},"searchUsers":{"platform":"gcfv1","labels":{},"availableMemoryMb":null,"timeoutSeconds":null,"minInstances":null,"maxInstances":null,"ingressSettings":null,"serviceAccountEmail":null,"vpc":null,"region":["europe-west1"],"callableTrigger":{},"entryPoint":"searchUsers"},"updateUserProfileInConversations":{"platform":"gcfv1","availableMemoryMb":null,"timeoutSeconds":null,"minInstances":null,"maxInstances":null,"ingressSettings":null,"serviceAccountEmail":null,"vpc":null,"region":["europe-west1"],"eventTrigger":{"eventType":"providers/cloud.firestore/eventTypes/document.update","eventFilters":{"resource":"projects/core-app-423c7/databases/(default)/documents/users/{userId}"},"retry":false},"labels":{},"entryPoint":"updateUserProfileInConversations"},"updateUnreadCounts":{"platform":"gcfv1","availableMemoryMb":null,"timeoutSeconds":null,"minInstances":null,"maxInstances":null,"ingressSettings":null,"serviceAccountEmail":null,"vpc":null,"region":["europe-west1"],"eventTrigger":{"eventType":"providers/cloud.firestore/eventTypes/document.create","eventFilters":{"resource":"projects/core-app-423c7/databases/(default)/documents/conversations/{conversationId}/messages/{messageId}"},"retry":false},"labels":{},"entryPoint":"updateUnreadCounts"},"getUserConversations":{"platform":"gcfv1","labels":{},"availableMemoryMb":null,"timeoutSeconds":null,"minInstances":null,"maxInstances":null,"ingressSettings":null,"serviceAccountEmail":null,"vpc":null,"region":["europe-west1"],"callableTrigger":{},"entryPoint":"getUserConversations"},"getConversationMessages":{"platform":"gcfv1","labels":{},"availableMemoryMb":null,"timeoutSeconds":null,"minInstances":null,"maxInstances":null,"ingressSettings":null,"serviceAccountEmail":null,"vpc":null,"region":["europe-west1"],"callableTrigger":{},"entryPoint":"getConversationMessages"},"deleteConversation":{"platform":"gcfv1","labels":{},"availableMemoryMb":null,"timeoutSeconds":null,"minInstances":null,"maxInstances":null,"ingressSettings":null,"serviceAccountEmail":null,"vpc":null,"region":["europe-west1"],"callableTrigger":{},"entryPoint":"deleteConversation"},"generateOrderPdf":{"platform":"gcfv1","labels":{},"availableMemoryMb":2048,"timeoutSeconds":300,"minInstances":null,"maxInstances":null,"ingressSettings":null,"serviceAccountEmail":null,"vpc":null,"region":["europe-west1"],"callableTrigger":{},"entryPoint":"generateOrderPdf"}},"specVersion":"v1alpha1","requiredAPIs":[{"api":"cloudscheduler.googleapis.com","reason":"Needed for scheduled functions."}],"extensions":{}}
[info] i  extensions: ensuring required API firebaseextensions.googleapis.com is enabled... 
[debug] [2025-05-11T00:46:44.860Z] Checked if tokens are valid: true, expires at: 1746925694994
[debug] [2025-05-11T00:46:44.861Z] Checked if tokens are valid: true, expires at: 1746925694994
[debug] [2025-05-11T00:46:44.861Z] >>> [apiv2][query] GET https://serviceusage.googleapis.com/v1/projects/core-app-423c7/services/firebaseextensions.googleapis.com [none]
[debug] [2025-05-11T00:46:44.861Z] >>> [apiv2][(partial)header] GET https://serviceusage.googleapis.com/v1/projects/core-app-423c7/services/firebaseextensions.googleapis.com x-goog-quota-user=projects/core-app-423c7
[debug] [2025-05-11T00:46:45.960Z] <<< [apiv2][status] GET https://serviceusage.googleapis.com/v1/projects/core-app-423c7/services/firebaseextensions.googleapis.com 200
[debug] [2025-05-11T00:46:45.961Z] <<< [apiv2][body] GET https://serviceusage.googleapis.com/v1/projects/core-app-423c7/services/firebaseextensions.googleapis.com [omitted]
[info] ✔  extensions: required API firebaseextensions.googleapis.com is enabled 
[debug] [2025-05-11T00:46:45.961Z] > command requires scopes: ["email","openid","https://www.googleapis.com/auth/cloudplatformprojects.readonly","https://www.googleapis.com/auth/firebase","https://www.googleapis.com/auth/cloud-platform"]
[debug] [2025-05-11T00:46:45.961Z] > authorizing via signed-in user (webpostup@gmail.com)
[debug] [2025-05-11T00:46:45.961Z] [iam] checking project core-app-423c7 for permissions ["firebase.projects.get","firebaseextensions.instances.list"]
[debug] [2025-05-11T00:46:45.961Z] Checked if tokens are valid: true, expires at: 1746925694994
[debug] [2025-05-11T00:46:45.961Z] Checked if tokens are valid: true, expires at: 1746925694994
[debug] [2025-05-11T00:46:45.962Z] >>> [apiv2][query] POST https://cloudresourcemanager.googleapis.com/v1/projects/core-app-423c7:testIamPermissions [none]
[debug] [2025-05-11T00:46:45.962Z] >>> [apiv2][(partial)header] POST https://cloudresourcemanager.googleapis.com/v1/projects/core-app-423c7:testIamPermissions x-goog-quota-user=projects/core-app-423c7
[debug] [2025-05-11T00:46:45.962Z] >>> [apiv2][body] POST https://cloudresourcemanager.googleapis.com/v1/projects/core-app-423c7:testIamPermissions {"permissions":["firebase.projects.get","firebaseextensions.instances.list"]}
[debug] [2025-05-11T00:46:46.883Z] <<< [apiv2][status] POST https://cloudresourcemanager.googleapis.com/v1/projects/core-app-423c7:testIamPermissions 200
[debug] [2025-05-11T00:46:46.883Z] <<< [apiv2][body] POST https://cloudresourcemanager.googleapis.com/v1/projects/core-app-423c7:testIamPermissions {"permissions":["firebase.projects.get","firebaseextensions.instances.list"]}
[debug] [2025-05-11T00:46:46.884Z] Checked if tokens are valid: true, expires at: 1746925694994
[debug] [2025-05-11T00:46:46.884Z] Checked if tokens are valid: true, expires at: 1746925694994
[debug] [2025-05-11T00:46:46.885Z] >>> [apiv2][query] GET https://firebaseextensions.googleapis.com/v1beta/projects/core-app-423c7/instances pageSize=100&pageToken=
[debug] [2025-05-11T00:46:47.907Z] <<< [apiv2][status] GET https://firebaseextensions.googleapis.com/v1beta/projects/core-app-423c7/instances 200
[debug] [2025-05-11T00:46:47.907Z] <<< [apiv2][body] GET https://firebaseextensions.googleapis.com/v1beta/projects/core-app-423c7/instances {}
[info] i  functions: preparing functions directory for uploading... 
[info] i  functions: packaged /Users/macbookm3pro/Documents/GitHub/Core NEW - kópia/transport-platform-new/functions (109.71 KB) for uploading 
[debug] [2025-05-11T00:46:47.946Z] Checked if tokens are valid: true, expires at: 1746925694994
[debug] [2025-05-11T00:46:47.946Z] Checked if tokens are valid: true, expires at: 1746925694994
[debug] [2025-05-11T00:46:47.946Z] >>> [apiv2][query] GET https://cloudfunctions.googleapis.com/v1/projects/core-app-423c7/locations/-/functions [none]
[debug] [2025-05-11T00:46:48.717Z] <<< [apiv2][status] GET https://cloudfunctions.googleapis.com/v1/projects/core-app-423c7/locations/-/functions 200
[debug] [2025-05-11T00:46:48.717Z] <<< [apiv2][body] GET https://cloudfunctions.googleapis.com/v1/projects/core-app-423c7/locations/-/functions {"functions":[{"name":"projects/core-app-423c7/locations/europe-west1/functions/initializeLastLogin","httpsTrigger":{"url":"https://europe-west1-core-app-423c7.cloudfunctions.net/initializeLastLogin","securityLevel":"SECURE_ALWAYS"},"status":"ACTIVE","entryPoint":"initializeLastLogin","timeout":"60s","availableMemoryMb":256,"serviceAccountEmail":"core-app-423c7@appspot.gserviceaccount.com","updateTime":"2025-05-11T00:40:58.871Z","versionId":"26","labels":{"deployment-tool":"cli-firebase","deployment-callable":"true","firebase-functions-hash":"17a8fa1a22f8507bdea17d82bbb89aa1344264d9"},"sourceUploadUrl":"https://storage.googleapis.com/uploads-176395417328.europe-west1.cloudfunctions.appspot.com/0a587b96-3c6c-4a99-8bff-be171619b81c.zip","environmentVariables":{"FIREBASE_CONFIG":"{\"projectId\":\"core-app-423c7\",\"databaseURL\":\"https://core-app-423c7-default-rtdb.europe-west1.firebasedatabase.app\",\"storageBucket\":\"core-app-423c7.firebasestorage.app\"}","GCLOUD_PROJECT":"core-app-423c7","EVENTARC_CLOUD_EVENT_SOURCE":"projects/core-app-423c7/locations/europe-west1/functions/initializeLastLogin"},"runtime":"nodejs20","ingressSettings":"ALLOW_ALL","buildId":"a26568c6-4bde-41c8-add7-0439b65f47b1","buildEnvironmentVariables":{"GOOGLE_NODE_RUN_SCRIPTS":""},"buildName":"projects/869167769685/locations/europe-west1/builds/a26568c6-4bde-41c8-add7-0439b65f47b1","dockerRegistry":"ARTIFACT_REGISTRY","automaticUpdatePolicy":{},"buildServiceAccount":"projects/core-app-423c7/serviceAccounts/869167769685-compute@developer.gserviceaccount.com"},{"name":"projects/core-app-423c7/locations/europe-west1/functions/updateUnreadCounts","eventTrigger":{"eventType":"providers/cloud.firestore/eventTypes/document.create","resource":"projects/core-app-423c7/databases/(default)/documents/conversations/{conversationId}/messages/{messageId}","service":"firestore.googleapis.com","failurePolicy":{}},"status":"ACTIVE","entryPoint":"updateUnreadCounts","timeout":"60s","availableMemoryMb":256,"serviceAccountEmail":"core-app-423c7@appspot.gserviceaccount.com","updateTime":"2025-05-11T00:40:56.038Z","versionId":"5","labels":{"deployment-tool":"cli-firebase","firebase-functions-hash":"17a8fa1a22f8507bdea17d82bbb89aa1344264d9"},"sourceUploadUrl":"https://storage.googleapis.com/uploads-176395417328.europe-west1.cloudfunctions.appspot.com/0a587b96-3c6c-4a99-8bff-be171619b81c.zip","environmentVariables":{"FIREBASE_CONFIG":"{\"projectId\":\"core-app-423c7\",\"databaseURL\":\"https://core-app-423c7-default-rtdb.europe-west1.firebasedatabase.app\",\"storageBucket\":\"core-app-423c7.firebasestorage.app\"}","GCLOUD_PROJECT":"core-app-423c7","EVENTARC_CLOUD_EVENT_SOURCE":"projects/core-app-423c7/locations/europe-west1/functions/updateUnreadCounts"},"runtime":"nodejs20","maxInstances":3000,"ingressSettings":"ALLOW_ALL","buildId":"a26568c6-4bde-41c8-add7-0439b65f47b1","buildEnvironmentVariables":{"GOOGLE_NODE_RUN_SCRIPTS":""},"buildName":"projects/869167769685/locations/europe-west1/builds/a26568c6-4bde-41c8-add7-0439b65f47b1","dockerRegistry":"ARTIFACT_REGISTRY","automaticUpdatePolicy":{},"buildServiceAccount":"projects/core-app-423c7/serviceAccounts/869167769685-compute@developer.gserviceaccount.com"},{"name":"projects/core-app-423c7/locations/europe-west1/functions/createConversation","httpsTrigger":{"url":"https://europe-west1-core-app-423c7.cloudfunctions.net/createConversation","securityLevel":"SECURE_ALWAYS"},"status":"ACTIVE","entryPoint":"createConversation","timeout":"60s","availableMemoryMb":256,"serviceAccountEmail":"core-app-423c7@appspot.gserviceaccount.com","updateTime":"2025-05-11T00:40:54.893Z","versionId":"5","labels":{"deployment-callable":"true","firebase-functions-hash":"17a8fa1a22f8507bdea17d82bbb89aa1344264d9","deployment-tool":"cli-firebase"},"sourceUploadUrl":"https://storage.googleapis.com/uploads-176395417328.europe-west1.cloudfunctions.appspot.com/0a587b96-3c6c-4a99-8bff-be171619b81c.zip","environmentVariables":{"FIREBASE_CONFIG":"{\"projectId\":\"core-app-423c7\",\"databaseURL\":\"https://core-app-423c7-default-rtdb.europe-west1.firebasedatabase.app\",\"storageBucket\":\"core-app-423c7.firebasestorage.app\"}","GCLOUD_PROJECT":"core-app-423c7","EVENTARC_CLOUD_EVENT_SOURCE":"projects/core-app-423c7/locations/europe-west1/functions/createConversation"},"runtime":"nodejs20","ingressSettings":"ALLOW_ALL","buildId":"a26568c6-4bde-41c8-add7-0439b65f47b1","buildEnvironmentVariables":{"GOOGLE_NODE_RUN_SCRIPTS":""},"buildName":"projects/869167769685/locations/europe-west1/builds/a26568c6-4bde-41c8-add7-0439b65f47b1","dockerRegistry":"ARTIFACT_REGISTRY","automaticUpdatePolicy":{},"buildServiceAccount":"projects/core-app-423c7/serviceAccounts/869167769685-compute@developer.gserviceaccount.com"},{"name":"projects/core-app-423c7/locations/europe-west1/functions/googleMapsProxy","httpsTrigger":{"url":"https://europe-west1-core-app-423c7.cloudfunctions.net/googleMapsProxy","securityLevel":"SECURE_ALWAYS"},"status":"ACTIVE","entryPoint":"googleMapsProxy","timeout":"60s","availableMemoryMb":256,"serviceAccountEmail":"core-app-423c7@appspot.gserviceaccount.com","updateTime":"2025-05-11T00:40:58.994Z","versionId":"8","labels":{"deployment-tool":"cli-firebase","deployment-callable":"true","firebase-functions-hash":"17a8fa1a22f8507bdea17d82bbb89aa1344264d9"},"sourceUploadUrl":"https://storage.googleapis.com/uploads-176395417328.europe-west1.cloudfunctions.appspot.com/0a587b96-3c6c-4a99-8bff-be171619b81c.zip","environmentVariables":{"FIREBASE_CONFIG":"{\"projectId\":\"core-app-423c7\",\"databaseURL\":\"https://core-app-423c7-default-rtdb.europe-west1.firebasedatabase.app\",\"storageBucket\":\"core-app-423c7.firebasestorage.app\"}","GCLOUD_PROJECT":"core-app-423c7","EVENTARC_CLOUD_EVENT_SOURCE":"projects/core-app-423c7/locations/europe-west1/functions/googleMapsProxy"},"runtime":"nodejs20","ingressSettings":"ALLOW_ALL","buildId":"a26568c6-4bde-41c8-add7-0439b65f47b1","buildEnvironmentVariables":{"GOOGLE_NODE_RUN_SCRIPTS":""},"buildName":"projects/869167769685/locations/europe-west1/builds/a26568c6-4bde-41c8-add7-0439b65f47b1","dockerRegistry":"ARTIFACT_REGISTRY","automaticUpdatePolicy":{},"buildServiceAccount":"projects/core-app-423c7/serviceAccounts/869167769685-compute@developer.gserviceaccount.com"},{"name":"projects/core-app-423c7/locations/europe-west1/functions/clearDatabase","httpsTrigger":{"url":"https://europe-west1-core-app-423c7.cloudfunctions.net/clearDatabase","securityLevel":"SECURE_ALWAYS"},"status":"ACTIVE","entryPoint":"clearDatabase","timeout":"60s","availableMemoryMb":256,"serviceAccountEmail":"core-app-423c7@appspot.gserviceaccount.com","updateTime":"2025-05-11T00:40:56.108Z","versionId":"44","labels":{"deployment-tool":"cli-firebase","deployment-callable":"true","firebase-functions-hash":"17a8fa1a22f8507bdea17d82bbb89aa1344264d9"},"sourceUploadUrl":"https://storage.googleapis.com/uploads-176395417328.europe-west1.cloudfunctions.appspot.com/0a587b96-3c6c-4a99-8bff-be171619b81c.zip","environmentVariables":{"FIREBASE_CONFIG":"{\"projectId\":\"core-app-423c7\",\"databaseURL\":\"https://core-app-423c7-default-rtdb.europe-west1.firebasedatabase.app\",\"storageBucket\":\"core-app-423c7.firebasestorage.app\"}","GCLOUD_PROJECT":"core-app-423c7","EVENTARC_CLOUD_EVENT_SOURCE":"projects/core-app-423c7/locations/europe-west1/functions/clearDatabase"},"runtime":"nodejs20","ingressSettings":"ALLOW_ALL","buildId":"a26568c6-4bde-41c8-add7-0439b65f47b1","buildEnvironmentVariables":{"GOOGLE_NODE_RUN_SCRIPTS":""},"buildName":"projects/869167769685/locations/europe-west1/builds/a26568c6-4bde-41c8-add7-0439b65f47b1","dockerRegistry":"ARTIFACT_REGISTRY","automaticUpdatePolicy":{},"buildServiceAccount":"projects/core-app-423c7/serviceAccounts/869167769685-compute@developer.gserviceaccount.com"},{"name":"projects/core-app-423c7/locations/europe-west1/functions/searchUsers","httpsTrigger":{"url":"https://europe-west1-core-app-423c7.cloudfunctions.net/searchUsers","securityLevel":"SECURE_ALWAYS"},"status":"ACTIVE","entryPoint":"searchUsers","timeout":"60s","availableMemoryMb":256,"serviceAccountEmail":"core-app-423c7@appspot.gserviceaccount.com","updateTime":"2025-05-11T00:40:54.682Z","versionId":"5","labels":{"deployment-tool":"cli-firebase","deployment-callable":"true","firebase-functions-hash":"17a8fa1a22f8507bdea17d82bbb89aa1344264d9"},"sourceUploadUrl":"https://storage.googleapis.com/uploads-176395417328.europe-west1.cloudfunctions.appspot.com/0a587b96-3c6c-4a99-8bff-be171619b81c.zip","environmentVariables":{"FIREBASE_CONFIG":"{\"projectId\":\"core-app-423c7\",\"databaseURL\":\"https://core-app-423c7-default-rtdb.europe-west1.firebasedatabase.app\",\"storageBucket\":\"core-app-423c7.firebasestorage.app\"}","GCLOUD_PROJECT":"core-app-423c7","EVENTARC_CLOUD_EVENT_SOURCE":"projects/core-app-423c7/locations/europe-west1/functions/searchUsers"},"runtime":"nodejs20","ingressSettings":"ALLOW_ALL","buildId":"a26568c6-4bde-41c8-add7-0439b65f47b1","buildEnvironmentVariables":{"GOOGLE_NODE_RUN_SCRIPTS":""},"buildName":"projects/869167769685/locations/europe-west1/builds/a26568c6-4bde-41c8-add7-0439b65f47b1","dockerRegistry":"ARTIFACT_REGISTRY","automaticUpdatePolicy":{},"buildServiceAccount":"projects/core-app-423c7/serviceAccounts/869167769685-compute@developer.gserviceaccount.com"},{"name":"projects/core-app-423c7/locations/europe-west1/functions/sendTestReminder","httpsTrigger":{"url":"https://europe-west1-core-app-423c7.cloudfunctions.net/sendTestReminder","securityLevel":"SECURE_ALWAYS"},"status":"ACTIVE","entryPoint":"sendTestReminder","timeout":"60s","availableMemoryMb":256,"serviceAccountEmail":"core-app-423c7@appspot.gserviceaccount.com","updateTime":"2025-05-11T00:40:53.005Z","versionId":"18","labels":{"deployment-tool":"cli-firebase","deployment-callable":"true","firebase-functions-hash":"17a8fa1a22f8507bdea17d82bbb89aa1344264d9"},"sourceUploadUrl":"https://storage.googleapis.com/uploads-176395417328.europe-west1.cloudfunctions.appspot.com/0a587b96-3c6c-4a99-8bff-be171619b81c.zip","environmentVariables":{"FIREBASE_CONFIG":"{\"projectId\":\"core-app-423c7\",\"databaseURL\":\"https://core-app-423c7-default-rtdb.europe-west1.firebasedatabase.app\",\"storageBucket\":\"core-app-423c7.firebasestorage.app\"}","GCLOUD_PROJECT":"core-app-423c7","EVENTARC_CLOUD_EVENT_SOURCE":"projects/core-app-423c7/locations/europe-west1/functions/sendTestReminder"},"runtime":"nodejs20","ingressSettings":"ALLOW_ALL","buildId":"a26568c6-4bde-41c8-add7-0439b65f47b1","buildEnvironmentVariables":{"GOOGLE_NODE_RUN_SCRIPTS":""},"buildName":"projects/869167769685/locations/europe-west1/builds/a26568c6-4bde-41c8-add7-0439b65f47b1","dockerRegistry":"ARTIFACT_REGISTRY","automaticUpdatePolicy":{},"buildServiceAccount":"projects/core-app-423c7/serviceAccounts/869167769685-compute@developer.gserviceaccount.com"},{"name":"projects/core-app-423c7/locations/europe-west1/functions/generateOrderPdf","httpsTrigger":{"url":"https://europe-west1-core-app-423c7.cloudfunctions.net/generateOrderPdf","securityLevel":"SECURE_ALWAYS"},"status":"ACTIVE","entryPoint":"generateOrderPdf","timeout":"300s","availableMemoryMb":2048,"serviceAccountEmail":"core-app-423c7@appspot.gserviceaccount.com","updateTime":"2025-05-11T00:46:15.436Z","versionId":"8","labels":{"deployment-tool":"cli-firebase","deployment-callable":"true","firebase-functions-hash":"55c6feb0b30a0e28f4f062ab4c4008a6386f4695"},"sourceUploadUrl":"https://storage.googleapis.com/uploads-176395417328.europe-west1.cloudfunctions.appspot.com/686af5d1-a261-4009-a09a-baa01a7af2bb.zip","environmentVariables":{"FIREBASE_CONFIG":"{\"projectId\":\"core-app-423c7\",\"databaseURL\":\"https://core-app-423c7-default-rtdb.europe-west1.firebasedatabase.app\",\"storageBucket\":\"core-app-423c7.firebasestorage.app\"}","GCLOUD_PROJECT":"core-app-423c7","EVENTARC_CLOUD_EVENT_SOURCE":"projects/core-app-423c7/locations/europe-west1/functions/generateOrderPdf"},"runtime":"nodejs20","ingressSettings":"ALLOW_ALL","buildId":"c5c83f86-2cb7-4758-8011-035fe7580088","buildEnvironmentVariables":{"GOOGLE_NODE_RUN_SCRIPTS":""},"buildName":"projects/869167769685/locations/europe-west1/builds/c5c83f86-2cb7-4758-8011-035fe7580088","dockerRegistry":"ARTIFACT_REGISTRY","automaticUpdatePolicy":{},"buildServiceAccount":"projects/core-app-423c7/serviceAccounts/869167769685-compute@developer.gserviceaccount.com"},{"name":"projects/core-app-423c7/locations/europe-west1/functions/deleteConversation","httpsTrigger":{"url":"https://europe-west1-core-app-423c7.cloudfunctions.net/deleteConversation","securityLevel":"SECURE_ALWAYS"},"status":"ACTIVE","entryPoint":"deleteConversation","timeout":"60s","availableMemoryMb":256,"serviceAccountEmail":"core-app-423c7@appspot.gserviceaccount.com","updateTime":"2025-05-11T00:40:55.315Z","versionId":"5","labels":{"firebase-functions-hash":"17a8fa1a22f8507bdea17d82bbb89aa1344264d9","deployment-tool":"cli-firebase","deployment-callable":"true"},"sourceUploadUrl":"https://storage.googleapis.com/uploads-176395417328.europe-west1.cloudfunctions.appspot.com/0a587b96-3c6c-4a99-8bff-be171619b81c.zip","environmentVariables":{"FIREBASE_CONFIG":"{\"projectId\":\"core-app-423c7\",\"databaseURL\":\"https://core-app-423c7-default-rtdb.europe-west1.firebasedatabase.app\",\"storageBucket\":\"core-app-423c7.firebasestorage.app\"}","GCLOUD_PROJECT":"core-app-423c7","EVENTARC_CLOUD_EVENT_SOURCE":"projects/core-app-423c7/locations/europe-west1/functions/deleteConversation"},"runtime":"nodejs20","ingressSettings":"ALLOW_ALL","buildId":"a26568c6-4bde-41c8-add7-0439b65f47b1","buildEnvironmentVariables":{"GOOGLE_NODE_RUN_SCRIPTS":""},"buildName":"projects/869167769685/locations/europe-west1/builds/a26568c6-4bde-41c8-add7-0439b65f47b1","dockerRegistry":"ARTIFACT_REGISTRY","automaticUpdatePolicy":{},"buildServiceAccount":"projects/core-app-423c7/serviceAccounts/869167769685-compute@developer.gserviceaccount.com"},{"name":"projects/core-app-423c7/locations/europe-west1/functions/sendInvitationEmail","httpsTrigger":{"url":"https://europe-west1-core-app-423c7.cloudfunctions.net/sendInvitationEmail","securityLevel":"SECURE_ALWAYS"},"status":"ACTIVE","entryPoint":"sendInvitationEmail","timeout":"60s","availableMemoryMb":256,"serviceAccountEmail":"core-app-423c7@appspot.gserviceaccount.com","updateTime":"2025-05-11T00:40:52.393Z","versionId":"45","labels":{"deployment-tool":"cli-firebase","deployment-callable":"true","firebase-functions-hash":"17a8fa1a22f8507bdea17d82bbb89aa1344264d9"},"sourceUploadUrl":"https://storage.googleapis.com/uploads-176395417328.europe-west1.cloudfunctions.appspot.com/0a587b96-3c6c-4a99-8bff-be171619b81c.zip","environmentVariables":{"FIREBASE_CONFIG":"{\"projectId\":\"core-app-423c7\",\"databaseURL\":\"https://core-app-423c7-default-rtdb.europe-west1.firebasedatabase.app\",\"storageBucket\":\"core-app-423c7.firebasestorage.app\"}","GCLOUD_PROJECT":"core-app-423c7","EVENTARC_CLOUD_EVENT_SOURCE":"projects/core-app-423c7/locations/europe-west1/functions/sendInvitationEmail"},"runtime":"nodejs20","ingressSettings":"ALLOW_ALL","buildId":"a26568c6-4bde-41c8-add7-0439b65f47b1","buildEnvironmentVariables":{"GOOGLE_NODE_RUN_SCRIPTS":""},"buildName":"projects/869167769685/locations/europe-west1/builds/a26568c6-4bde-41c8-add7-0439b65f47b1","dockerRegistry":"ARTIFACT_REGISTRY","automaticUpdatePolicy":{},"buildServiceAccount":"projects/core-app-423c7/serviceAccounts/869167769685-compute@developer.gserviceaccount.com"},{"name":"projects/core-app-423c7/locations/europe-west1/functions/sendMessage","httpsTrigger":{"url":"https://europe-west1-core-app-423c7.cloudfunctions.net/sendMessage","securityLevel":"SECURE_ALWAYS"},"status":"ACTIVE","entryPoint":"sendMessage","timeout":"60s","availableMemoryMb":256,"serviceAccountEmail":"core-app-423c7@appspot.gserviceaccount.com","updateTime":"2025-05-11T00:40:54.897Z","versionId":"5","labels":{"deployment-tool":"cli-firebase","deployment-callable":"true","firebase-functions-hash":"17a8fa1a22f8507bdea17d82bbb89aa1344264d9"},"sourceUploadUrl":"https://storage.googleapis.com/uploads-176395417328.europe-west1.cloudfunctions.appspot.com/0a587b96-3c6c-4a99-8bff-be171619b81c.zip","environmentVariables":{"FIREBASE_CONFIG":"{\"projectId\":\"core-app-423c7\",\"databaseURL\":\"https://core-app-423c7-default-rtdb.europe-west1.firebasedatabase.app\",\"storageBucket\":\"core-app-423c7.firebasestorage.app\"}","GCLOUD_PROJECT":"core-app-423c7","EVENTARC_CLOUD_EVENT_SOURCE":"projects/core-app-423c7/locations/europe-west1/functions/sendMessage"},"runtime":"nodejs20","ingressSettings":"ALLOW_ALL","buildId":"a26568c6-4bde-41c8-add7-0439b65f47b1","buildEnvironmentVariables":{"GOOGLE_NODE_RUN_SCRIPTS":""},"buildName":"projects/869167769685/locations/europe-west1/builds/a26568c6-4bde-41c8-add7-0439b65f47b1","dockerRegistry":"ARTIFACT_REGISTRY","automaticUpdatePolicy":{},"buildServiceAccount":"projects/core-app-423c7/serviceAccounts/869167769685-compute@developer.gserviceaccount.com"},{"name":"projects/core-app-423c7/locations/europe-west1/functions/updateUserProfileInConversations","eventTrigger":{"eventType":"providers/cloud.firestore/eventTypes/document.update","resource":"projects/core-app-423c7/databases/(default)/documents/users/{userId}","service":"firestore.googleapis.com","failurePolicy":{}},"status":"ACTIVE","entryPoint":"updateUserProfileInConversations","timeout":"60s","availableMemoryMb":256,"serviceAccountEmail":"core-app-423c7@appspot.gserviceaccount.com","updateTime":"2025-05-11T00:40:55.074Z","versionId":"5","labels":{"deployment-tool":"cli-firebase","firebase-functions-hash":"17a8fa1a22f8507bdea17d82bbb89aa1344264d9"},"sourceUploadUrl":"https://storage.googleapis.com/uploads-176395417328.europe-west1.cloudfunctions.appspot.com/0a587b96-3c6c-4a99-8bff-be171619b81c.zip","environmentVariables":{"FIREBASE_CONFIG":"{\"projectId\":\"core-app-423c7\",\"databaseURL\":\"https://core-app-423c7-default-rtdb.europe-west1.firebasedatabase.app\",\"storageBucket\":\"core-app-423c7.firebasestorage.app\"}","GCLOUD_PROJECT":"core-app-423c7","EVENTARC_CLOUD_EVENT_SOURCE":"projects/core-app-423c7/locations/europe-west1/functions/updateUserProfileInConversations"},"runtime":"nodejs20","maxInstances":3000,"ingressSettings":"ALLOW_ALL","buildId":"a26568c6-4bde-41c8-add7-0439b65f47b1","buildEnvironmentVariables":{"GOOGLE_NODE_RUN_SCRIPTS":""},"buildName":"projects/869167769685/locations/europe-west1/builds/a26568c6-4bde-41c8-add7-0439b65f47b1","dockerRegistry":"ARTIFACT_REGISTRY","automaticUpdatePolicy":{},"buildServiceAccount":"projects/core-app-423c7/serviceAccounts/869167769685-compute@developer.gserviceaccount.com"},{"name":"projects/core-app-423c7/locations/europe-west1/functions/getUserConversations","httpsTrigger":{"url":"https://europe-west1-core-app-423c7.cloudfunctions.net/getUserConversations","securityLevel":"SECURE_ALWAYS"},"status":"ACTIVE","entryPoint":"getUserConversations","timeout":"60s","availableMemoryMb":256,"serviceAccountEmail":"core-app-423c7@appspot.gserviceaccount.com","updateTime":"2025-05-11T00:40:54.882Z","versionId":"5","labels":{"deployment-tool":"cli-firebase","deployment-callable":"true","firebase-functions-hash":"17a8fa1a22f8507bdea17d82bbb89aa1344264d9"},"sourceUploadUrl":"https://storage.googleapis.com/uploads-176395417328.europe-west1.cloudfunctions.appspot.com/0a587b96-3c6c-4a99-8bff-be171619b81c.zip","environmentVariables":{"FIREBASE_CONFIG":"{\"projectId\":\"core-app-423c7\",\"databaseURL\":\"https://core-app-423c7-default-rtdb.europe-west1.firebasedatabase.app\",\"storageBucket\":\"core-app-423c7.firebasestorage.app\"}","GCLOUD_PROJECT":"core-app-423c7","EVENTARC_CLOUD_EVENT_SOURCE":"projects/core-app-423c7/locations/europe-west1/functions/getUserConversations"},"runtime":"nodejs20","ingressSettings":"ALLOW_ALL","buildId":"a26568c6-4bde-41c8-add7-0439b65f47b1","buildEnvironmentVariables":{"GOOGLE_NODE_RUN_SCRIPTS":""},"buildName":"projects/869167769685/locations/europe-west1/builds/a26568c6-4bde-41c8-add7-0439b65f47b1","dockerRegistry":"ARTIFACT_REGISTRY","automaticUpdatePolicy":{},"buildServiceAccount":"projects/core-app-423c7/serviceAccounts/869167769685-compute@developer.gserviceaccount.com"},{"name":"projects/core-app-423c7/locations/europe-west1/functions/updateExistingRecords","httpsTrigger":{"url":"https://europe-west1-core-app-423c7.cloudfunctions.net/updateExistingRecords","securityLevel":"SECURE_ALWAYS"},"status":"ACTIVE","entryPoint":"updateExistingRecords","timeout":"60s","availableMemoryMb":256,"serviceAccountEmail":"core-app-423c7@appspot.gserviceaccount.com","updateTime":"2025-04-10T07:24:02.031Z","versionId":"35","labels":{"deployment-tool":"cli-firebase","deployment-callable":"true","firebase-functions-hash":"458c1111a070781e1a97ec644ae0825f30e5799f"},"sourceUploadUrl":"https://storage.googleapis.com/uploads-176395417328.europe-west1.cloudfunctions.appspot.com/771d7053-4a22-4c14-8351-171bd835355d.zip","environmentVariables":{"FIREBASE_CONFIG":"{\"projectId\":\"core-app-423c7\",\"databaseURL\":\"https://core-app-423c7-default-rtdb.europe-west1.firebasedatabase.app\",\"storageBucket\":\"core-app-423c7.firebasestorage.app\"}","GCLOUD_PROJECT":"core-app-423c7","EVENTARC_CLOUD_EVENT_SOURCE":"projects/core-app-423c7/locations/europe-west1/functions/updateExistingRecords"},"runtime":"nodejs20","ingressSettings":"ALLOW_ALL","buildId":"d24c7887-8736-40ae-8142-5cfa307d09ee","buildEnvironmentVariables":{"GOOGLE_NODE_RUN_SCRIPTS":""},"buildName":"projects/869167769685/locations/europe-west1/builds/d24c7887-8736-40ae-8142-5cfa307d09ee","dockerRegistry":"ARTIFACT_REGISTRY","automaticUpdatePolicy":{},"buildServiceAccount":"projects/core-app-423c7/serviceAccounts/869167769685-compute@developer.gserviceaccount.com"},{"name":"projects/core-app-423c7/locations/europe-west1/functions/checkBusinessCaseReminders","eventTrigger":{"eventType":"google.pubsub.topic.publish","resource":"projects/core-app-423c7/topics/firebase-schedule-checkBusinessCaseReminders-europe-west1","service":"pubsub.googleapis.com","failurePolicy":{}},"status":"ACTIVE","entryPoint":"checkBusinessCaseReminders","timeout":"60s","availableMemoryMb":256,"serviceAccountEmail":"core-app-423c7@appspot.gserviceaccount.com","updateTime":"2025-05-11T00:40:56.088Z","versionId":"18","labels":{"deployment-tool":"cli-firebase","deployment-scheduled":"true","firebase-functions-hash":"17a8fa1a22f8507bdea17d82bbb89aa1344264d9"},"sourceUploadUrl":"https://storage.googleapis.com/uploads-176395417328.europe-west1.cloudfunctions.appspot.com/0a587b96-3c6c-4a99-8bff-be171619b81c.zip","environmentVariables":{"FIREBASE_CONFIG":"{\"projectId\":\"core-app-423c7\",\"databaseURL\":\"https://core-app-423c7-default-rtdb.europe-west1.firebasedatabase.app\",\"storageBucket\":\"core-app-423c7.firebasestorage.app\"}","GCLOUD_PROJECT":"core-app-423c7","EVENTARC_CLOUD_EVENT_SOURCE":"projects/core-app-423c7/locations/europe-west1/functions/checkBusinessCaseReminders"},"runtime":"nodejs20","maxInstances":3000,"ingressSettings":"ALLOW_ALL","buildId":"a26568c6-4bde-41c8-add7-0439b65f47b1","buildEnvironmentVariables":{"GOOGLE_NODE_RUN_SCRIPTS":""},"buildName":"projects/869167769685/locations/europe-west1/builds/a26568c6-4bde-41c8-add7-0439b65f47b1","dockerRegistry":"ARTIFACT_REGISTRY","automaticUpdatePolicy":{},"buildServiceAccount":"projects/core-app-423c7/serviceAccounts/869167769685-compute@developer.gserviceaccount.com"},{"name":"projects/core-app-423c7/locations/europe-west1/functions/getConversationMessages","httpsTrigger":{"url":"https://europe-west1-core-app-423c7.cloudfunctions.net/getConversationMessages","securityLevel":"SECURE_ALWAYS"},"status":"ACTIVE","entryPoint":"getConversationMessages","timeout":"60s","availableMemoryMb":256,"serviceAccountEmail":"core-app-423c7@appspot.gserviceaccount.com","updateTime":"2025-05-11T00:40:55.484Z","versionId":"5","labels":{"firebase-functions-hash":"17a8fa1a22f8507bdea17d82bbb89aa1344264d9","deployment-tool":"cli-firebase","deployment-callable":"true"},"sourceUploadUrl":"https://storage.googleapis.com/uploads-176395417328.europe-west1.cloudfunctions.appspot.com/0a587b96-3c6c-4a99-8bff-be171619b81c.zip","environmentVariables":{"FIREBASE_CONFIG":"{\"projectId\":\"core-app-423c7\",\"databaseURL\":\"https://core-app-423c7-default-rtdb.europe-west1.firebasedatabase.app\",\"storageBucket\":\"core-app-423c7.firebasestorage.app\"}","GCLOUD_PROJECT":"core-app-423c7","EVENTARC_CLOUD_EVENT_SOURCE":"projects/core-app-423c7/locations/europe-west1/functions/getConversationMessages"},"runtime":"nodejs20","ingressSettings":"ALLOW_ALL","buildId":"a26568c6-4bde-41c8-add7-0439b65f47b1","buildEnvironmentVariables":{"GOOGLE_NODE_RUN_SCRIPTS":""},"buildName":"projects/869167769685/locations/europe-west1/builds/a26568c6-4bde-41c8-add7-0439b65f47b1","dockerRegistry":"ARTIFACT_REGISTRY","automaticUpdatePolicy":{},"buildServiceAccount":"projects/core-app-423c7/serviceAccounts/869167769685-compute@developer.gserviceaccount.com"},{"name":"projects/core-app-423c7/locations/europe-west1/functions/logFunctionMetrics","eventTrigger":{"eventType":"google.pubsub.topic.publish","resource":"projects/core-app-423c7/topics/firebase-schedule-logFunctionMetrics-europe-west1","service":"pubsub.googleapis.com","failurePolicy":{}},"status":"ACTIVE","entryPoint":"logFunctionMetrics","timeout":"60s","availableMemoryMb":256,"serviceAccountEmail":"core-app-423c7@appspot.gserviceaccount.com","updateTime":"2025-05-11T00:40:55.332Z","versionId":"64","labels":{"deployment-tool":"cli-firebase","deployment-scheduled":"true","firebase-functions-hash":"17a8fa1a22f8507bdea17d82bbb89aa1344264d9"},"sourceUploadUrl":"https://storage.googleapis.com/uploads-176395417328.europe-west1.cloudfunctions.appspot.com/0a587b96-3c6c-4a99-8bff-be171619b81c.zip","environmentVariables":{"FIREBASE_CONFIG":"{\"projectId\":\"core-app-423c7\",\"databaseURL\":\"https://core-app-423c7-default-rtdb.europe-west1.firebasedatabase.app\",\"storageBucket\":\"core-app-423c7.firebasestorage.app\"}","GCLOUD_PROJECT":"core-app-423c7","EVENTARC_CLOUD_EVENT_SOURCE":"projects/core-app-423c7/locations/europe-west1/functions/logFunctionMetrics"},"runtime":"nodejs20","maxInstances":3000,"ingressSettings":"ALLOW_ALL","buildId":"a26568c6-4bde-41c8-add7-0439b65f47b1","buildEnvironmentVariables":{"GOOGLE_NODE_RUN_SCRIPTS":""},"buildName":"projects/869167769685/locations/europe-west1/builds/a26568c6-4bde-41c8-add7-0439b65f47b1","dockerRegistry":"ARTIFACT_REGISTRY","automaticUpdatePolicy":{},"buildServiceAccount":"projects/core-app-423c7/serviceAccounts/869167769685-compute@developer.gserviceaccount.com"},{"name":"projects/core-app-423c7/locations/europe-west1/functions/updateLastLogin","httpsTrigger":{"url":"https://europe-west1-core-app-423c7.cloudfunctions.net/updateLastLogin","securityLevel":"SECURE_ALWAYS"},"status":"ACTIVE","entryPoint":"updateLastLogin","timeout":"60s","availableMemoryMb":256,"serviceAccountEmail":"core-app-423c7@appspot.gserviceaccount.com","updateTime":"2025-05-11T00:40:55.316Z","versionId":"3","labels":{"deployment-tool":"cli-firebase","deployment-callable":"true","firebase-functions-hash":"17a8fa1a22f8507bdea17d82bbb89aa1344264d9"},"sourceUploadUrl":"https://storage.googleapis.com/uploads-176395417328.europe-west1.cloudfunctions.appspot.com/0a587b96-3c6c-4a99-8bff-be171619b81c.zip","environmentVariables":{"FIREBASE_CONFIG":"{\"projectId\":\"core-app-423c7\",\"databaseURL\":\"https://core-app-423c7-default-rtdb.europe-west1.firebasedatabase.app\",\"storageBucket\":\"core-app-423c7.firebasestorage.app\"}","GCLOUD_PROJECT":"core-app-423c7","EVENTARC_CLOUD_EVENT_SOURCE":"projects/core-app-423c7/locations/europe-west1/functions/updateLastLogin"},"runtime":"nodejs20","ingressSettings":"ALLOW_ALL","buildId":"a26568c6-4bde-41c8-add7-0439b65f47b1","buildEnvironmentVariables":{"GOOGLE_NODE_RUN_SCRIPTS":""},"buildName":"projects/869167769685/locations/europe-west1/builds/a26568c6-4bde-41c8-add7-0439b65f47b1","dockerRegistry":"ARTIFACT_REGISTRY","automaticUpdatePolicy":{},"buildServiceAccount":"projects/core-app-423c7/serviceAccounts/869167769685-compute@developer.gserviceaccount.com"},{"name":"projects/core-app-423c7/locations/europe-west1/functions/markMessagesAsRead","httpsTrigger":{"url":"https://europe-west1-core-app-423c7.cloudfunctions.net/markMessagesAsRead","securityLevel":"SECURE_ALWAYS"},"status":"ACTIVE","entryPoint":"markMessagesAsRead","timeout":"60s","availableMemoryMb":256,"serviceAccountEmail":"core-app-423c7@appspot.gserviceaccount.com","updateTime":"2025-05-11T00:40:55.372Z","versionId":"5","labels":{"deployment-tool":"cli-firebase","deployment-callable":"true","firebase-functions-hash":"17a8fa1a22f8507bdea17d82bbb89aa1344264d9"},"sourceUploadUrl":"https://storage.googleapis.com/uploads-176395417328.europe-west1.cloudfunctions.appspot.com/0a587b96-3c6c-4a99-8bff-be171619b81c.zip","environmentVariables":{"FIREBASE_CONFIG":"{\"projectId\":\"core-app-423c7\",\"databaseURL\":\"https://core-app-423c7-default-rtdb.europe-west1.firebasedatabase.app\",\"storageBucket\":\"core-app-423c7.firebasestorage.app\"}","GCLOUD_PROJECT":"core-app-423c7","EVENTARC_CLOUD_EVENT_SOURCE":"projects/core-app-423c7/locations/europe-west1/functions/markMessagesAsRead"},"runtime":"nodejs20","ingressSettings":"ALLOW_ALL","buildId":"a26568c6-4bde-41c8-add7-0439b65f47b1","buildEnvironmentVariables":{"GOOGLE_NODE_RUN_SCRIPTS":""},"buildName":"projects/869167769685/locations/europe-west1/builds/a26568c6-4bde-41c8-add7-0439b65f47b1","dockerRegistry":"ARTIFACT_REGISTRY","automaticUpdatePolicy":{},"buildServiceAccount":"projects/core-app-423c7/serviceAccounts/869167769685-compute@developer.gserviceaccount.com"},{"name":"projects/core-app-423c7/locations/europe-west1/functions/checkTransportNotifications","eventTrigger":{"eventType":"google.pubsub.topic.publish","resource":"projects/core-app-423c7/topics/firebase-schedule-checkTransportNotifications-europe-west1","service":"pubsub.googleapis.com","failurePolicy":{}},"status":"ACTIVE","entryPoint":"checkTransportNotifications","timeout":"60s","availableMemoryMb":256,"serviceAccountEmail":"core-app-423c7@appspot.gserviceaccount.com","updateTime":"2025-05-11T00:40:55.473Z","versionId":"18","labels":{"deployment-tool":"cli-firebase","deployment-scheduled":"true","firebase-functions-hash":"17a8fa1a22f8507bdea17d82bbb89aa1344264d9"},"sourceUploadUrl":"https://storage.googleapis.com/uploads-176395417328.europe-west1.cloudfunctions.appspot.com/0a587b96-3c6c-4a99-8bff-be171619b81c.zip","environmentVariables":{"FIREBASE_CONFIG":"{\"projectId\":\"core-app-423c7\",\"databaseURL\":\"https://core-app-423c7-default-rtdb.europe-west1.firebasedatabase.app\",\"storageBucket\":\"core-app-423c7.firebasestorage.app\"}","GCLOUD_PROJECT":"core-app-423c7","EVENTARC_CLOUD_EVENT_SOURCE":"projects/core-app-423c7/locations/europe-west1/functions/checkTransportNotifications"},"runtime":"nodejs20","maxInstances":3000,"ingressSettings":"ALLOW_ALL","buildId":"a26568c6-4bde-41c8-add7-0439b65f47b1","buildEnvironmentVariables":{"GOOGLE_NODE_RUN_SCRIPTS":""},"buildName":"projects/869167769685/locations/europe-west1/builds/a26568c6-4bde-41c8-add7-0439b65f47b1","dockerRegistry":"ARTIFACT_REGISTRY","automaticUpdatePolicy":{},"buildServiceAccount":"projects/core-app-423c7/serviceAccounts/869167769685-compute@developer.gserviceaccount.com"}]}
[debug] [2025-05-11T00:46:48.718Z] Checked if tokens are valid: true, expires at: 1746925694994
[debug] [2025-05-11T00:46:48.719Z] Checked if tokens are valid: true, expires at: 1746925694994
[debug] [2025-05-11T00:46:48.719Z] >>> [apiv2][query] GET https://cloudfunctions.googleapis.com/v2/projects/core-app-423c7/locations/-/functions filter=environment%3D%22GEN_2%22
[debug] [2025-05-11T00:46:49.792Z] <<< [apiv2][status] GET https://cloudfunctions.googleapis.com/v2/projects/core-app-423c7/locations/-/functions 200
[debug] [2025-05-11T00:46:49.792Z] <<< [apiv2][body] GET https://cloudfunctions.googleapis.com/v2/projects/core-app-423c7/locations/-/functions {}
[info] i  functions: ensuring required API cloudscheduler.googleapis.com is enabled... 
[debug] [2025-05-11T00:46:49.796Z] Checked if tokens are valid: true, expires at: 1746925694994
[debug] [2025-05-11T00:46:49.796Z] Checked if tokens are valid: true, expires at: 1746925694994
[debug] [2025-05-11T00:46:49.796Z] >>> [apiv2][query] GET https://serviceusage.googleapis.com/v1/projects/core-app-423c7/services/cloudscheduler.googleapis.com [none]
[debug] [2025-05-11T00:46:49.796Z] >>> [apiv2][(partial)header] GET https://serviceusage.googleapis.com/v1/projects/core-app-423c7/services/cloudscheduler.googleapis.com x-goog-quota-user=projects/core-app-423c7
[debug] [2025-05-11T00:46:50.568Z] <<< [apiv2][status] GET https://serviceusage.googleapis.com/v1/projects/core-app-423c7/services/cloudscheduler.googleapis.com 200
[debug] [2025-05-11T00:46:50.568Z] <<< [apiv2][body] GET https://serviceusage.googleapis.com/v1/projects/core-app-423c7/services/cloudscheduler.googleapis.com [omitted]
[info] ✔  functions: required API cloudscheduler.googleapis.com is enabled 
[debug] [2025-05-11T00:46:50.572Z] Checked if tokens are valid: true, expires at: 1746925694994
[debug] [2025-05-11T00:46:50.572Z] Checked if tokens are valid: true, expires at: 1746925694994
[debug] [2025-05-11T00:46:50.572Z] >>> [apiv2][query] GET https://cloudresourcemanager.googleapis.com/v1/projects/core-app-423c7 [none]
[debug] [2025-05-11T00:46:50.817Z] <<< [apiv2][status] GET https://cloudresourcemanager.googleapis.com/v1/projects/core-app-423c7 200
[debug] [2025-05-11T00:46:50.817Z] <<< [apiv2][body] GET https://cloudresourcemanager.googleapis.com/v1/projects/core-app-423c7 {"projectNumber":"869167769685","projectId":"core-app-423c7","lifecycleState":"ACTIVE","name":"core-app","labels":{"firebase":"enabled","firebase-core":"disabled"},"createTime":"2025-03-23T09:54:58.346881Z"}
[debug] [2025-05-11T00:46:50.819Z] Checked if tokens are valid: true, expires at: 1746925694994
[debug] [2025-05-11T00:46:50.819Z] Checked if tokens are valid: true, expires at: 1746925694994
[debug] [2025-05-11T00:46:50.819Z] >>> [apiv2][query] GET https://cloudbilling.googleapis.com/v1/projects/core-app-423c7/billingInfo [none]
[debug] [2025-05-11T00:46:51.657Z] <<< [apiv2][status] GET https://cloudbilling.googleapis.com/v1/projects/core-app-423c7/billingInfo 200
[debug] [2025-05-11T00:46:51.657Z] <<< [apiv2][body] GET https://cloudbilling.googleapis.com/v1/projects/core-app-423c7/billingInfo {"name":"projects/core-app-423c7/billingInfo","projectId":"core-app-423c7","billingAccountName":"billingAccounts/01CE20-21E6A6-784DAA","billingEnabled":true}
[debug] [2025-05-11T00:46:51.659Z] Checked if tokens are valid: true, expires at: 1746925694994
[debug] [2025-05-11T00:46:51.659Z] Checked if tokens are valid: true, expires at: 1746925694994
[debug] [2025-05-11T00:46:51.659Z] >>> [apiv2][query] POST https://cloudfunctions.googleapis.com/v1/projects/core-app-423c7/locations/europe-west1/functions:generateUploadUrl [none]
[debug] [2025-05-11T00:46:51.659Z] >>> [apiv2][body] POST https://cloudfunctions.googleapis.com/v1/projects/core-app-423c7/locations/europe-west1/functions:generateUploadUrl {}
[debug] [2025-05-11T00:46:52.674Z] <<< [apiv2][status] POST https://cloudfunctions.googleapis.com/v1/projects/core-app-423c7/locations/europe-west1/functions:generateUploadUrl 200
[debug] [2025-05-11T00:46:52.676Z] <<< [apiv2][body] POST https://cloudfunctions.googleapis.com/v1/projects/core-app-423c7/locations/europe-west1/functions:generateUploadUrl {"uploadUrl":"https://storage.googleapis.com/uploads-176395417328.europe-west1.cloudfunctions.appspot.com/d53412d3-9822-4980-bd67-9e32e1d6a2c5.zip?GoogleAccessId=service-869167769685@gcf-admin-robot.iam.gserviceaccount.com&Expires=1746926212&Signature=ALYWFzkls09sGNkCy7qmwXeSH2y%2Fy22z%2BfitPO3NUn6RXgb0EIYM56pGeMhyOIf5K98nx79nMiMCWVv3Lh3qivce3WR6%2FzHaI2OJd6k0PxhU4gN90i5ICi6QUqJ5LWR7vBtkQj1fj54YrTM%2FFxZeKdbM5cpqsKUzHQAy0s9rT%2FWMxRvB8TWHPrSBfMFU1QLm9ic5jGQYN0pLL1TZV%2BjSnRzTrWcZHxrwYZgOgf50rhBjKr3vpqovJ6LFMubaCE%2FsCRP9QTcVt4FzLt6eVaKtPBTkr8KtIwKDgVx8YmLP9%2Bjc7fXCaDL26ovdYvI1zL%2B%2ByAXebt3C7EgTKQUoJpoLiA%3D%3D"}
[debug] [2025-05-11T00:46:52.680Z] >>> [apiv2][query] PUT https://storage.googleapis.com/uploads-176395417328.europe-west1.cloudfunctions.appspot.com/d53412d3-9822-4980-bd67-9e32e1d6a2c5.zip GoogleAccessId=service-869167769685%40gcf-admin-robot.iam.gserviceaccount.com&Expires=1746926212&Signature=ALYWFzkls09sGNkCy7qmwXeSH2y%2Fy22z%2BfitPO3NUn6RXgb0EIYM56pGeMhyOIf5K98nx79nMiMCWVv3Lh3qivce3WR6%2FzHaI2OJd6k0PxhU4gN90i5ICi6QUqJ5LWR7vBtkQj1fj54YrTM%2FFxZeKdbM5cpqsKUzHQAy0s9rT%2FWMxRvB8TWHPrSBfMFU1QLm9ic5jGQYN0pLL1TZV%2BjSnRzTrWcZHxrwYZgOgf50rhBjKr3vpqovJ6LFMubaCE%2FsCRP9QTcVt4FzLt6eVaKtPBTkr8KtIwKDgVx8YmLP9%2Bjc7fXCaDL26ovdYvI1zL%2B%2ByAXebt3C7EgTKQUoJpoLiA%3D%3D
[debug] [2025-05-11T00:46:52.680Z] >>> [apiv2][body] PUT https://storage.googleapis.com/uploads-176395417328.europe-west1.cloudfunctions.appspot.com/d53412d3-9822-4980-bd67-9e32e1d6a2c5.zip [stream]
[debug] [2025-05-11T00:46:53.435Z] <<< [apiv2][status] PUT https://storage.googleapis.com/uploads-176395417328.europe-west1.cloudfunctions.appspot.com/d53412d3-9822-4980-bd67-9e32e1d6a2c5.zip 200
[debug] [2025-05-11T00:46:53.435Z] <<< [apiv2][body] PUT https://storage.googleapis.com/uploads-176395417328.europe-west1.cloudfunctions.appspot.com/d53412d3-9822-4980-bd67-9e32e1d6a2c5.zip [omitted]
[info] ✔  functions: functions folder uploaded successfully 
[info] i  functions: updating Node.js 20 (1st Gen) function generateOrderPdf(europe-west1)... 
[debug] [2025-05-11T00:46:53.439Z] Checked if tokens are valid: true, expires at: 1746925694994
[debug] [2025-05-11T00:46:53.439Z] Checked if tokens are valid: true, expires at: 1746925694994
[debug] [2025-05-11T00:46:53.439Z] >>> [apiv2][query] PATCH https://cloudfunctions.googleapis.com/v1/projects/core-app-423c7/locations/europe-west1/functions/generateOrderPdf updateMask=name%2CsourceUploadUrl%2CentryPoint%2Cruntime%2CdockerRegistry%2Clabels%2ChttpsTrigger.securityLevel%2CminInstances%2CmaxInstances%2CingressSettings%2CenvironmentVariables%2CserviceAccountEmail%2CavailableMemoryMb%2Ctimeout%2CvpcConnector%2CvpcConnectorEgressSettings%2CsourceToken%2CbuildEnvironmentVariables
[debug] [2025-05-11T00:46:53.440Z] >>> [apiv2][body] PATCH https://cloudfunctions.googleapis.com/v1/projects/core-app-423c7/locations/europe-west1/functions/generateOrderPdf {"name":"projects/core-app-423c7/locations/europe-west1/functions/generateOrderPdf","sourceUploadUrl":"https://storage.googleapis.com/uploads-176395417328.europe-west1.cloudfunctions.appspot.com/d53412d3-9822-4980-bd67-9e32e1d6a2c5.zip?GoogleAccessId=service-869167769685@gcf-admin-robot.iam.gserviceaccount.com&Expires=1746926212&Signature=ALYWFzkls09sGNkCy7qmwXeSH2y%2Fy22z%2BfitPO3NUn6RXgb0EIYM56pGeMhyOIf5K98nx79nMiMCWVv3Lh3qivce3WR6%2FzHaI2OJd6k0PxhU4gN90i5ICi6QUqJ5LWR7vBtkQj1fj54YrTM%2FFxZeKdbM5cpqsKUzHQAy0s9rT%2FWMxRvB8TWHPrSBfMFU1QLm9ic5jGQYN0pLL1TZV%2BjSnRzTrWcZHxrwYZgOgf50rhBjKr3vpqovJ6LFMubaCE%2FsCRP9QTcVt4FzLt6eVaKtPBTkr8KtIwKDgVx8YmLP9%2Bjc7fXCaDL26ovdYvI1zL%2B%2ByAXebt3C7EgTKQUoJpoLiA%3D%3D","entryPoint":"generateOrderPdf","runtime":"nodejs20","dockerRegistry":"ARTIFACT_REGISTRY","labels":{"deployment-tool":"cli-firebase","deployment-callable":"true","firebase-functions-hash":"51b9b5a34aecc3d2d79ae34a1e6dbe3d6f9b014a"},"httpsTrigger":{"securityLevel":"SECURE_ALWAYS"},"minInstances":null,"maxInstances":null,"ingressSettings":null,"environmentVariables":{"FIREBASE_CONFIG":"{\"projectId\":\"core-app-423c7\",\"databaseURL\":\"https://core-app-423c7-default-rtdb.europe-west1.firebasedatabase.app\",\"storageBucket\":\"core-app-423c7.firebasestorage.app\"}","GCLOUD_PROJECT":"core-app-423c7","EVENTARC_CLOUD_EVENT_SOURCE":"projects/core-app-423c7/locations/europe-west1/functions/generateOrderPdf"},"serviceAccountEmail":null,"availableMemoryMb":2048,"timeout":"300s","vpcConnector":null,"vpcConnectorEgressSettings":null,"buildEnvironmentVariables":{"GOOGLE_NODE_RUN_SCRIPTS":""}}
[debug] [2025-05-11T00:46:53.773Z] <<< [apiv2][status] PATCH https://cloudfunctions.googleapis.com/v1/projects/core-app-423c7/locations/europe-west1/functions/generateOrderPdf 200
[debug] [2025-05-11T00:46:53.774Z] <<< [apiv2][body] PATCH https://cloudfunctions.googleapis.com/v1/projects/core-app-423c7/locations/europe-west1/functions/generateOrderPdf {"name":"operations/Y29yZS1hcHAtNDIzYzcvZXVyb3BlLXdlc3QxL2dlbmVyYXRlT3JkZXJQZGYvUWFrVU5FN3UzZjQ","metadata":{"@type":"type.googleapis.com/google.cloud.functions.v1.OperationMetadataV1","target":"projects/core-app-423c7/locations/europe-west1/functions/generateOrderPdf","type":"UPDATE_FUNCTION","request":{"@type":"type.googleapis.com/google.cloud.functions.v1.CloudFunction","name":"projects/core-app-423c7/locations/europe-west1/functions/generateOrderPdf","httpsTrigger":{"url":"https://europe-west1-core-app-423c7.cloudfunctions.net/generateOrderPdf","securityLevel":"SECURE_ALWAYS"},"status":"ACTIVE","entryPoint":"generateOrderPdf","timeout":"300s","availableMemoryMb":2048,"updateTime":"2025-05-11T00:46:15.436Z","versionId":"8","labels":{"deployment-tool":"cli-firebase","deployment-callable":"true","firebase-functions-hash":"51b9b5a34aecc3d2d79ae34a1e6dbe3d6f9b014a"},"sourceUploadUrl":"https://storage.googleapis.com/uploads-176395417328.europe-west1.cloudfunctions.appspot.com/d53412d3-9822-4980-bd67-9e32e1d6a2c5.zip?GoogleAccessId=service-869167769685@gcf-admin-robot.iam.gserviceaccount.com&Expires=1746926212&Signature=ALYWFzkls09sGNkCy7qmwXeSH2y%2Fy22z%2BfitPO3NUn6RXgb0EIYM56pGeMhyOIf5K98nx79nMiMCWVv3Lh3qivce3WR6%2FzHaI2OJd6k0PxhU4gN90i5ICi6QUqJ5LWR7vBtkQj1fj54YrTM%2FFxZeKdbM5cpqsKUzHQAy0s9rT%2FWMxRvB8TWHPrSBfMFU1QLm9ic5jGQYN0pLL1TZV%2BjSnRzTrWcZHxrwYZgOgf50rhBjKr3vpqovJ6LFMubaCE%2FsCRP9QTcVt4FzLt6eVaKtPBTkr8KtIwKDgVx8YmLP9%2Bjc7fXCaDL26ovdYvI1zL%2B%2ByAXebt3C7EgTKQUoJpoLiA%3D%3D","environmentVariables":{"FIREBASE_CONFIG":"{\"projectId\":\"core-app-423c7\",\"databaseURL\":\"https://core-app-423c7-default-rtdb.europe-west1.firebasedatabase.app\",\"storageBucket\":\"core-app-423c7.firebasestorage.app\"}","GCLOUD_PROJECT":"core-app-423c7","EVENTARC_CLOUD_EVENT_SOURCE":"projects/core-app-423c7/locations/europe-west1/functions/generateOrderPdf"},"runtime":"nodejs20","buildId":"c5c83f86-2cb7-4758-8011-035fe7580088","buildEnvironmentVariables":{"GOOGLE_NODE_RUN_SCRIPTS":""},"buildName":"projects/869167769685/locations/europe-west1/builds/c5c83f86-2cb7-4758-8011-035fe7580088","dockerRegistry":"ARTIFACT_REGISTRY","automaticUpdatePolicy":{},"buildServiceAccount":"projects/core-app-423c7/serviceAccounts/869167769685-compute@developer.gserviceaccount.com"},"versionId":"9","updateTime":"2025-05-11T00:46:53Z"}}
[debug] [2025-05-11T00:46:53.775Z] Checked if tokens are valid: true, expires at: 1746925694994
[debug] [2025-05-11T00:46:53.775Z] Checked if tokens are valid: true, expires at: 1746925694994
[debug] [2025-05-11T00:46:53.775Z] >>> [apiv2][query] GET https://cloudfunctions.googleapis.com/v1/operations/Y29yZS1hcHAtNDIzYzcvZXVyb3BlLXdlc3QxL2dlbmVyYXRlT3JkZXJQZGYvUWFrVU5FN3UzZjQ [none]
[debug] [2025-05-11T00:46:53.941Z] <<< [apiv2][status] GET https://cloudfunctions.googleapis.com/v1/operations/Y29yZS1hcHAtNDIzYzcvZXVyb3BlLXdlc3QxL2dlbmVyYXRlT3JkZXJQZGYvUWFrVU5FN3UzZjQ 200
[debug] [2025-05-11T00:46:53.941Z] <<< [apiv2][body] GET https://cloudfunctions.googleapis.com/v1/operations/Y29yZS1hcHAtNDIzYzcvZXVyb3BlLXdlc3QxL2dlbmVyYXRlT3JkZXJQZGYvUWFrVU5FN3UzZjQ {"name":"operations/Y29yZS1hcHAtNDIzYzcvZXVyb3BlLXdlc3QxL2dlbmVyYXRlT3JkZXJQZGYvUWFrVU5FN3UzZjQ","metadata":{"@type":"type.googleapis.com/google.cloud.functions.v1.OperationMetadataV1","target":"projects/core-app-423c7/locations/europe-west1/functions/generateOrderPdf","type":"UPDATE_FUNCTION","request":{"@type":"type.googleapis.com/google.cloud.functions.v1.CloudFunction","name":"projects/core-app-423c7/locations/europe-west1/functions/generateOrderPdf","httpsTrigger":{"url":"https://europe-west1-core-app-423c7.cloudfunctions.net/generateOrderPdf","securityLevel":"SECURE_ALWAYS"},"status":"ACTIVE","entryPoint":"generateOrderPdf","timeout":"300s","availableMemoryMb":2048,"updateTime":"2025-05-11T00:46:15.436Z","versionId":"8","labels":{"deployment-tool":"cli-firebase","deployment-callable":"true","firebase-functions-hash":"51b9b5a34aecc3d2d79ae34a1e6dbe3d6f9b014a"},"sourceUploadUrl":"https://storage.googleapis.com/uploads-176395417328.europe-west1.cloudfunctions.appspot.com/d53412d3-9822-4980-bd67-9e32e1d6a2c5.zip?GoogleAccessId=service-869167769685@gcf-admin-robot.iam.gserviceaccount.com&Expires=1746926212&Signature=ALYWFzkls09sGNkCy7qmwXeSH2y%2Fy22z%2BfitPO3NUn6RXgb0EIYM56pGeMhyOIf5K98nx79nMiMCWVv3Lh3qivce3WR6%2FzHaI2OJd6k0PxhU4gN90i5ICi6QUqJ5LWR7vBtkQj1fj54YrTM%2FFxZeKdbM5cpqsKUzHQAy0s9rT%2FWMxRvB8TWHPrSBfMFU1QLm9ic5jGQYN0pLL1TZV%2BjSnRzTrWcZHxrwYZgOgf50rhBjKr3vpqovJ6LFMubaCE%2FsCRP9QTcVt4FzLt6eVaKtPBTkr8KtIwKDgVx8YmLP9%2Bjc7fXCaDL26ovdYvI1zL%2B%2ByAXebt3C7EgTKQUoJpoLiA%3D%3D","environmentVariables":{"FIREBASE_CONFIG":"{\"projectId\":\"core-app-423c7\",\"databaseURL\":\"https://core-app-423c7-default-rtdb.europe-west1.firebasedatabase.app\",\"storageBucket\":\"core-app-423c7.firebasestorage.app\"}","GCLOUD_PROJECT":"core-app-423c7","EVENTARC_CLOUD_EVENT_SOURCE":"projects/core-app-423c7/locations/europe-west1/functions/generateOrderPdf"},"runtime":"nodejs20","buildId":"c5c83f86-2cb7-4758-8011-035fe7580088","buildEnvironmentVariables":{"GOOGLE_NODE_RUN_SCRIPTS":""},"buildName":"projects/869167769685/locations/europe-west1/builds/c5c83f86-2cb7-4758-8011-035fe7580088","dockerRegistry":"ARTIFACT_REGISTRY","automaticUpdatePolicy":{},"buildServiceAccount":"projects/core-app-423c7/serviceAccounts/869167769685-compute@developer.gserviceaccount.com"},"versionId":"9","updateTime":"2025-05-11T00:46:53Z"}}
[debug] [2025-05-11T00:46:54.443Z] [update-default-europe-west1-generateOrderPdf] Retrying task index 0
[debug] [2025-05-11T00:46:54.443Z] Checked if tokens are valid: true, expires at: 1746925694994
[debug] [2025-05-11T00:46:54.443Z] Checked if tokens are valid: true, expires at: 1746925694994
[debug] [2025-05-11T00:46:54.444Z] >>> [apiv2][query] GET https://cloudfunctions.googleapis.com/v1/operations/Y29yZS1hcHAtNDIzYzcvZXVyb3BlLXdlc3QxL2dlbmVyYXRlT3JkZXJQZGYvUWFrVU5FN3UzZjQ [none]
[debug] [2025-05-11T00:46:54.578Z] <<< [apiv2][status] GET https://cloudfunctions.googleapis.com/v1/operations/Y29yZS1hcHAtNDIzYzcvZXVyb3BlLXdlc3QxL2dlbmVyYXRlT3JkZXJQZGYvUWFrVU5FN3UzZjQ 200
[debug] [2025-05-11T00:46:54.578Z] <<< [apiv2][body] GET https://cloudfunctions.googleapis.com/v1/operations/Y29yZS1hcHAtNDIzYzcvZXVyb3BlLXdlc3QxL2dlbmVyYXRlT3JkZXJQZGYvUWFrVU5FN3UzZjQ {"name":"operations/Y29yZS1hcHAtNDIzYzcvZXVyb3BlLXdlc3QxL2dlbmVyYXRlT3JkZXJQZGYvUWFrVU5FN3UzZjQ","metadata":{"@type":"type.googleapis.com/google.cloud.functions.v1.OperationMetadataV1","target":"projects/core-app-423c7/locations/europe-west1/functions/generateOrderPdf","type":"UPDATE_FUNCTION","request":{"@type":"type.googleapis.com/google.cloud.functions.v1.CloudFunction","name":"projects/core-app-423c7/locations/europe-west1/functions/generateOrderPdf","httpsTrigger":{"url":"https://europe-west1-core-app-423c7.cloudfunctions.net/generateOrderPdf","securityLevel":"SECURE_ALWAYS"},"status":"ACTIVE","entryPoint":"generateOrderPdf","timeout":"300s","availableMemoryMb":2048,"updateTime":"2025-05-11T00:46:15.436Z","versionId":"8","labels":{"deployment-tool":"cli-firebase","deployment-callable":"true","firebase-functions-hash":"51b9b5a34aecc3d2d79ae34a1e6dbe3d6f9b014a"},"sourceUploadUrl":"https://storage.googleapis.com/uploads-176395417328.europe-west1.cloudfunctions.appspot.com/d53412d3-9822-4980-bd67-9e32e1d6a2c5.zip?GoogleAccessId=service-869167769685@gcf-admin-robot.iam.gserviceaccount.com&Expires=1746926212&Signature=ALYWFzkls09sGNkCy7qmwXeSH2y%2Fy22z%2BfitPO3NUn6RXgb0EIYM56pGeMhyOIf5K98nx79nMiMCWVv3Lh3qivce3WR6%2FzHaI2OJd6k0PxhU4gN90i5ICi6QUqJ5LWR7vBtkQj1fj54YrTM%2FFxZeKdbM5cpqsKUzHQAy0s9rT%2FWMxRvB8TWHPrSBfMFU1QLm9ic5jGQYN0pLL1TZV%2BjSnRzTrWcZHxrwYZgOgf50rhBjKr3vpqovJ6LFMubaCE%2FsCRP9QTcVt4FzLt6eVaKtPBTkr8KtIwKDgVx8YmLP9%2Bjc7fXCaDL26ovdYvI1zL%2B%2ByAXebt3C7EgTKQUoJpoLiA%3D%3D","environmentVariables":{"FIREBASE_CONFIG":"{\"projectId\":\"core-app-423c7\",\"databaseURL\":\"https://core-app-423c7-default-rtdb.europe-west1.firebasedatabase.app\",\"storageBucket\":\"core-app-423c7.firebasestorage.app\"}","GCLOUD_PROJECT":"core-app-423c7","EVENTARC_CLOUD_EVENT_SOURCE":"projects/core-app-423c7/locations/europe-west1/functions/generateOrderPdf"},"runtime":"nodejs20","buildId":"c5c83f86-2cb7-4758-8011-035fe7580088","buildEnvironmentVariables":{"GOOGLE_NODE_RUN_SCRIPTS":""},"buildName":"projects/869167769685/locations/europe-west1/builds/c5c83f86-2cb7-4758-8011-035fe7580088","dockerRegistry":"ARTIFACT_REGISTRY","automaticUpdatePolicy":{},"buildServiceAccount":"projects/core-app-423c7/serviceAccounts/869167769685-compute@developer.gserviceaccount.com"},"versionId":"9","updateTime":"2025-05-11T00:46:54Z"}}
[debug] [2025-05-11T00:46:55.580Z] [update-default-europe-west1-generateOrderPdf] Retrying task index 0
[debug] [2025-05-11T00:46:55.581Z] Checked if tokens are valid: true, expires at: 1746925694994
[debug] [2025-05-11T00:46:55.581Z] Checked if tokens are valid: true, expires at: 1746925694994
[debug] [2025-05-11T00:46:55.581Z] >>> [apiv2][query] GET https://cloudfunctions.googleapis.com/v1/operations/Y29yZS1hcHAtNDIzYzcvZXVyb3BlLXdlc3QxL2dlbmVyYXRlT3JkZXJQZGYvUWFrVU5FN3UzZjQ [none]
[debug] [2025-05-11T00:46:55.709Z] <<< [apiv2][status] GET https://cloudfunctions.googleapis.com/v1/operations/Y29yZS1hcHAtNDIzYzcvZXVyb3BlLXdlc3QxL2dlbmVyYXRlT3JkZXJQZGYvUWFrVU5FN3UzZjQ 200
[debug] [2025-05-11T00:46:55.710Z] <<< [apiv2][body] GET https://cloudfunctions.googleapis.com/v1/operations/Y29yZS1hcHAtNDIzYzcvZXVyb3BlLXdlc3QxL2dlbmVyYXRlT3JkZXJQZGYvUWFrVU5FN3UzZjQ {"name":"operations/Y29yZS1hcHAtNDIzYzcvZXVyb3BlLXdlc3QxL2dlbmVyYXRlT3JkZXJQZGYvUWFrVU5FN3UzZjQ","metadata":{"@type":"type.googleapis.com/google.cloud.functions.v1.OperationMetadataV1","target":"projects/core-app-423c7/locations/europe-west1/functions/generateOrderPdf","type":"UPDATE_FUNCTION","request":{"@type":"type.googleapis.com/google.cloud.functions.v1.CloudFunction","name":"projects/core-app-423c7/locations/europe-west1/functions/generateOrderPdf","httpsTrigger":{"url":"https://europe-west1-core-app-423c7.cloudfunctions.net/generateOrderPdf","securityLevel":"SECURE_ALWAYS"},"status":"ACTIVE","entryPoint":"generateOrderPdf","timeout":"300s","availableMemoryMb":2048,"updateTime":"2025-05-11T00:46:15.436Z","versionId":"8","labels":{"deployment-tool":"cli-firebase","deployment-callable":"true","firebase-functions-hash":"51b9b5a34aecc3d2d79ae34a1e6dbe3d6f9b014a"},"sourceUploadUrl":"https://storage.googleapis.com/uploads-176395417328.europe-west1.cloudfunctions.appspot.com/d53412d3-9822-4980-bd67-9e32e1d6a2c5.zip?GoogleAccessId=service-869167769685@gcf-admin-robot.iam.gserviceaccount.com&Expires=1746926212&Signature=ALYWFzkls09sGNkCy7qmwXeSH2y%2Fy22z%2BfitPO3NUn6RXgb0EIYM56pGeMhyOIf5K98nx79nMiMCWVv3Lh3qivce3WR6%2FzHaI2OJd6k0PxhU4gN90i5ICi6QUqJ5LWR7vBtkQj1fj54YrTM%2FFxZeKdbM5cpqsKUzHQAy0s9rT%2FWMxRvB8TWHPrSBfMFU1QLm9ic5jGQYN0pLL1TZV%2BjSnRzTrWcZHxrwYZgOgf50rhBjKr3vpqovJ6LFMubaCE%2FsCRP9QTcVt4FzLt6eVaKtPBTkr8KtIwKDgVx8YmLP9%2Bjc7fXCaDL26ovdYvI1zL%2B%2ByAXebt3C7EgTKQUoJpoLiA%3D%3D","environmentVariables":{"FIREBASE_CONFIG":"{\"projectId\":\"core-app-423c7\",\"databaseURL\":\"https://core-app-423c7-default-rtdb.europe-west1.firebasedatabase.app\",\"storageBucket\":\"core-app-423c7.firebasestorage.app\"}","GCLOUD_PROJECT":"core-app-423c7","EVENTARC_CLOUD_EVENT_SOURCE":"projects/core-app-423c7/locations/europe-west1/functions/generateOrderPdf"},"runtime":"nodejs20","buildId":"c5c83f86-2cb7-4758-8011-035fe7580088","buildEnvironmentVariables":{"GOOGLE_NODE_RUN_SCRIPTS":""},"buildName":"projects/869167769685/locations/europe-west1/builds/c5c83f86-2cb7-4758-8011-035fe7580088","dockerRegistry":"ARTIFACT_REGISTRY","automaticUpdatePolicy":{},"buildServiceAccount":"projects/core-app-423c7/serviceAccounts/869167769685-compute@developer.gserviceaccount.com"},"versionId":"9","updateTime":"2025-05-11T00:46:54Z"}}
[debug] [2025-05-11T00:46:57.711Z] [update-default-europe-west1-generateOrderPdf] Retrying task index 0
[debug] [2025-05-11T00:46:57.712Z] Checked if tokens are valid: true, expires at: 1746925694994
[debug] [2025-05-11T00:46:57.712Z] Checked if tokens are valid: true, expires at: 1746925694994
[debug] [2025-05-11T00:46:57.713Z] >>> [apiv2][query] GET https://cloudfunctions.googleapis.com/v1/operations/Y29yZS1hcHAtNDIzYzcvZXVyb3BlLXdlc3QxL2dlbmVyYXRlT3JkZXJQZGYvUWFrVU5FN3UzZjQ [none]
[debug] [2025-05-11T00:46:57.851Z] <<< [apiv2][status] GET https://cloudfunctions.googleapis.com/v1/operations/Y29yZS1hcHAtNDIzYzcvZXVyb3BlLXdlc3QxL2dlbmVyYXRlT3JkZXJQZGYvUWFrVU5FN3UzZjQ 200
[debug] [2025-05-11T00:46:57.852Z] <<< [apiv2][body] GET https://cloudfunctions.googleapis.com/v1/operations/Y29yZS1hcHAtNDIzYzcvZXVyb3BlLXdlc3QxL2dlbmVyYXRlT3JkZXJQZGYvUWFrVU5FN3UzZjQ {"name":"operations/Y29yZS1hcHAtNDIzYzcvZXVyb3BlLXdlc3QxL2dlbmVyYXRlT3JkZXJQZGYvUWFrVU5FN3UzZjQ","metadata":{"@type":"type.googleapis.com/google.cloud.functions.v1.OperationMetadataV1","target":"projects/core-app-423c7/locations/europe-west1/functions/generateOrderPdf","type":"UPDATE_FUNCTION","request":{"@type":"type.googleapis.com/google.cloud.functions.v1.CloudFunction","name":"projects/core-app-423c7/locations/europe-west1/functions/generateOrderPdf","httpsTrigger":{"url":"https://europe-west1-core-app-423c7.cloudfunctions.net/generateOrderPdf","securityLevel":"SECURE_ALWAYS"},"status":"ACTIVE","entryPoint":"generateOrderPdf","timeout":"300s","availableMemoryMb":2048,"updateTime":"2025-05-11T00:46:15.436Z","versionId":"8","labels":{"deployment-tool":"cli-firebase","deployment-callable":"true","firebase-functions-hash":"51b9b5a34aecc3d2d79ae34a1e6dbe3d6f9b014a"},"sourceUploadUrl":"https://storage.googleapis.com/uploads-176395417328.europe-west1.cloudfunctions.appspot.com/d53412d3-9822-4980-bd67-9e32e1d6a2c5.zip?GoogleAccessId=service-869167769685@gcf-admin-robot.iam.gserviceaccount.com&Expires=1746926212&Signature=ALYWFzkls09sGNkCy7qmwXeSH2y%2Fy22z%2BfitPO3NUn6RXgb0EIYM56pGeMhyOIf5K98nx79nMiMCWVv3Lh3qivce3WR6%2FzHaI2OJd6k0PxhU4gN90i5ICi6QUqJ5LWR7vBtkQj1fj54YrTM%2FFxZeKdbM5cpqsKUzHQAy0s9rT%2FWMxRvB8TWHPrSBfMFU1QLm9ic5jGQYN0pLL1TZV%2BjSnRzTrWcZHxrwYZgOgf50rhBjKr3vpqovJ6LFMubaCE%2FsCRP9QTcVt4FzLt6eVaKtPBTkr8KtIwKDgVx8YmLP9%2Bjc7fXCaDL26ovdYvI1zL%2B%2ByAXebt3C7EgTKQUoJpoLiA%3D%3D","environmentVariables":{"FIREBASE_CONFIG":"{\"projectId\":\"core-app-423c7\",\"databaseURL\":\"https://core-app-423c7-default-rtdb.europe-west1.firebasedatabase.app\",\"storageBucket\":\"core-app-423c7.firebasestorage.app\"}","GCLOUD_PROJECT":"core-app-423c7","EVENTARC_CLOUD_EVENT_SOURCE":"projects/core-app-423c7/locations/europe-west1/functions/generateOrderPdf"},"runtime":"nodejs20","buildId":"c5c83f86-2cb7-4758-8011-035fe7580088","buildEnvironmentVariables":{"GOOGLE_NODE_RUN_SCRIPTS":""},"buildName":"projects/869167769685/locations/europe-west1/builds/c5c83f86-2cb7-4758-8011-035fe7580088","dockerRegistry":"ARTIFACT_REGISTRY","automaticUpdatePolicy":{},"buildServiceAccount":"projects/core-app-423c7/serviceAccounts/869167769685-compute@developer.gserviceaccount.com"},"versionId":"9","updateTime":"2025-05-11T00:46:54Z","buildId":"29e89398-252f-4a72-80d6-cde728556e92","buildName":"projects/869167769685/locations/europe-west1/builds/29e89398-252f-4a72-80d6-cde728556e92"}}
[debug] [2025-05-11T00:47:01.852Z] [update-default-europe-west1-generateOrderPdf] Retrying task index 0
[debug] [2025-05-11T00:47:01.853Z] Checked if tokens are valid: true, expires at: 1746925694994
[debug] [2025-05-11T00:47:01.853Z] Checked if tokens are valid: true, expires at: 1746925694994
[debug] [2025-05-11T00:47:01.853Z] >>> [apiv2][query] GET https://cloudfunctions.googleapis.com/v1/operations/Y29yZS1hcHAtNDIzYzcvZXVyb3BlLXdlc3QxL2dlbmVyYXRlT3JkZXJQZGYvUWFrVU5FN3UzZjQ [none]
[debug] [2025-05-11T00:47:02.027Z] <<< [apiv2][status] GET https://cloudfunctions.googleapis.com/v1/operations/Y29yZS1hcHAtNDIzYzcvZXVyb3BlLXdlc3QxL2dlbmVyYXRlT3JkZXJQZGYvUWFrVU5FN3UzZjQ 200
[debug] [2025-05-11T00:47:02.028Z] <<< [apiv2][body] GET https://cloudfunctions.googleapis.com/v1/operations/Y29yZS1hcHAtNDIzYzcvZXVyb3BlLXdlc3QxL2dlbmVyYXRlT3JkZXJQZGYvUWFrVU5FN3UzZjQ {"name":"operations/Y29yZS1hcHAtNDIzYzcvZXVyb3BlLXdlc3QxL2dlbmVyYXRlT3JkZXJQZGYvUWFrVU5FN3UzZjQ","metadata":{"@type":"type.googleapis.com/google.cloud.functions.v1.OperationMetadataV1","target":"projects/core-app-423c7/locations/europe-west1/functions/generateOrderPdf","type":"UPDATE_FUNCTION","request":{"@type":"type.googleapis.com/google.cloud.functions.v1.CloudFunction","name":"projects/core-app-423c7/locations/europe-west1/functions/generateOrderPdf","httpsTrigger":{"url":"https://europe-west1-core-app-423c7.cloudfunctions.net/generateOrderPdf","securityLevel":"SECURE_ALWAYS"},"status":"ACTIVE","entryPoint":"generateOrderPdf","timeout":"300s","availableMemoryMb":2048,"updateTime":"2025-05-11T00:46:15.436Z","versionId":"8","labels":{"deployment-tool":"cli-firebase","deployment-callable":"true","firebase-functions-hash":"51b9b5a34aecc3d2d79ae34a1e6dbe3d6f9b014a"},"sourceUploadUrl":"https://storage.googleapis.com/uploads-176395417328.europe-west1.cloudfunctions.appspot.com/d53412d3-9822-4980-bd67-9e32e1d6a2c5.zip?GoogleAccessId=service-869167769685@gcf-admin-robot.iam.gserviceaccount.com&Expires=1746926212&Signature=ALYWFzkls09sGNkCy7qmwXeSH2y%2Fy22z%2BfitPO3NUn6RXgb0EIYM56pGeMhyOIf5K98nx79nMiMCWVv3Lh3qivce3WR6%2FzHaI2OJd6k0PxhU4gN90i5ICi6QUqJ5LWR7vBtkQj1fj54YrTM%2FFxZeKdbM5cpqsKUzHQAy0s9rT%2FWMxRvB8TWHPrSBfMFU1QLm9ic5jGQYN0pLL1TZV%2BjSnRzTrWcZHxrwYZgOgf50rhBjKr3vpqovJ6LFMubaCE%2FsCRP9QTcVt4FzLt6eVaKtPBTkr8KtIwKDgVx8YmLP9%2Bjc7fXCaDL26ovdYvI1zL%2B%2ByAXebt3C7EgTKQUoJpoLiA%3D%3D","environmentVariables":{"FIREBASE_CONFIG":"{\"projectId\":\"core-app-423c7\",\"databaseURL\":\"https://core-app-423c7-default-rtdb.europe-west1.firebasedatabase.app\",\"storageBucket\":\"core-app-423c7.firebasestorage.app\"}","GCLOUD_PROJECT":"core-app-423c7","EVENTARC_CLOUD_EVENT_SOURCE":"projects/core-app-423c7/locations/europe-west1/functions/generateOrderPdf"},"runtime":"nodejs20","buildId":"c5c83f86-2cb7-4758-8011-035fe7580088","buildEnvironmentVariables":{"GOOGLE_NODE_RUN_SCRIPTS":""},"buildName":"projects/869167769685/locations/europe-west1/builds/c5c83f86-2cb7-4758-8011-035fe7580088","dockerRegistry":"ARTIFACT_REGISTRY","automaticUpdatePolicy":{},"buildServiceAccount":"projects/core-app-423c7/serviceAccounts/869167769685-compute@developer.gserviceaccount.com"},"versionId":"9","updateTime":"2025-05-11T00:46:54Z","buildId":"29e89398-252f-4a72-80d6-cde728556e92","buildName":"projects/869167769685/locations/europe-west1/builds/29e89398-252f-4a72-80d6-cde728556e92"}}
[debug] [2025-05-11T00:47:10.028Z] [update-default-europe-west1-generateOrderPdf] Retrying task index 0
[debug] [2025-05-11T00:47:10.028Z] Checked if tokens are valid: true, expires at: 1746925694994
[debug] [2025-05-11T00:47:10.028Z] Checked if tokens are valid: true, expires at: 1746925694994
[debug] [2025-05-11T00:47:10.028Z] >>> [apiv2][query] GET https://cloudfunctions.googleapis.com/v1/operations/Y29yZS1hcHAtNDIzYzcvZXVyb3BlLXdlc3QxL2dlbmVyYXRlT3JkZXJQZGYvUWFrVU5FN3UzZjQ [none]
[debug] [2025-05-11T00:47:10.479Z] <<< [apiv2][status] GET https://cloudfunctions.googleapis.com/v1/operations/Y29yZS1hcHAtNDIzYzcvZXVyb3BlLXdlc3QxL2dlbmVyYXRlT3JkZXJQZGYvUWFrVU5FN3UzZjQ 200
[debug] [2025-05-11T00:47:10.479Z] <<< [apiv2][body] GET https://cloudfunctions.googleapis.com/v1/operations/Y29yZS1hcHAtNDIzYzcvZXVyb3BlLXdlc3QxL2dlbmVyYXRlT3JkZXJQZGYvUWFrVU5FN3UzZjQ {"name":"operations/Y29yZS1hcHAtNDIzYzcvZXVyb3BlLXdlc3QxL2dlbmVyYXRlT3JkZXJQZGYvUWFrVU5FN3UzZjQ","metadata":{"@type":"type.googleapis.com/google.cloud.functions.v1.OperationMetadataV1","target":"projects/core-app-423c7/locations/europe-west1/functions/generateOrderPdf","type":"UPDATE_FUNCTION","request":{"@type":"type.googleapis.com/google.cloud.functions.v1.CloudFunction","name":"projects/core-app-423c7/locations/europe-west1/functions/generateOrderPdf","httpsTrigger":{"url":"https://europe-west1-core-app-423c7.cloudfunctions.net/generateOrderPdf","securityLevel":"SECURE_ALWAYS"},"status":"ACTIVE","entryPoint":"generateOrderPdf","timeout":"300s","availableMemoryMb":2048,"updateTime":"2025-05-11T00:46:15.436Z","versionId":"8","labels":{"deployment-tool":"cli-firebase","deployment-callable":"true","firebase-functions-hash":"51b9b5a34aecc3d2d79ae34a1e6dbe3d6f9b014a"},"sourceUploadUrl":"https://storage.googleapis.com/uploads-176395417328.europe-west1.cloudfunctions.appspot.com/d53412d3-9822-4980-bd67-9e32e1d6a2c5.zip?GoogleAccessId=service-869167769685@gcf-admin-robot.iam.gserviceaccount.com&Expires=1746926212&Signature=ALYWFzkls09sGNkCy7qmwXeSH2y%2Fy22z%2BfitPO3NUn6RXgb0EIYM56pGeMhyOIf5K98nx79nMiMCWVv3Lh3qivce3WR6%2FzHaI2OJd6k0PxhU4gN90i5ICi6QUqJ5LWR7vBtkQj1fj54YrTM%2FFxZeKdbM5cpqsKUzHQAy0s9rT%2FWMxRvB8TWHPrSBfMFU1QLm9ic5jGQYN0pLL1TZV%2BjSnRzTrWcZHxrwYZgOgf50rhBjKr3vpqovJ6LFMubaCE%2FsCRP9QTcVt4FzLt6eVaKtPBTkr8KtIwKDgVx8YmLP9%2Bjc7fXCaDL26ovdYvI1zL%2B%2ByAXebt3C7EgTKQUoJpoLiA%3D%3D","environmentVariables":{"FIREBASE_CONFIG":"{\"projectId\":\"core-app-423c7\",\"databaseURL\":\"https://core-app-423c7-default-rtdb.europe-west1.firebasedatabase.app\",\"storageBucket\":\"core-app-423c7.firebasestorage.app\"}","GCLOUD_PROJECT":"core-app-423c7","EVENTARC_CLOUD_EVENT_SOURCE":"projects/core-app-423c7/locations/europe-west1/functions/generateOrderPdf"},"runtime":"nodejs20","buildId":"c5c83f86-2cb7-4758-8011-035fe7580088","buildEnvironmentVariables":{"GOOGLE_NODE_RUN_SCRIPTS":""},"buildName":"projects/869167769685/locations/europe-west1/builds/c5c83f86-2cb7-4758-8011-035fe7580088","dockerRegistry":"ARTIFACT_REGISTRY","automaticUpdatePolicy":{},"buildServiceAccount":"projects/core-app-423c7/serviceAccounts/869167769685-compute@developer.gserviceaccount.com"},"versionId":"9","updateTime":"2025-05-11T00:46:54Z","buildId":"29e89398-252f-4a72-80d6-cde728556e92","buildName":"projects/869167769685/locations/europe-west1/builds/29e89398-252f-4a72-80d6-cde728556e92"}}
